12:56:07 INFO  : Registering command handlers for SDK TCF services
12:56:09 INFO  : Launching XSCT server: xsct -n -interactive /home/xyh/NFS_Alinx/VivadoProjects/CCD231/CCD231.sdk/temp_xsdb_launch_script.tcl
12:56:11 INFO  : XSCT server has started successfully.
12:56:11 INFO  : Successfully done setting XSCT server connection channel  
12:56:11 INFO  : Successfully done setting SDK workspace  
12:56:11 INFO  : Processing command line option -hwspec /home/xyh/NFS_Alinx/VivadoProjects/CCD231/CCD231.sdk/TOP.hdf.
14:44:07 INFO  : SDK has detected change in the last modified timestamps for source hardware specification file Source:1613285038000,  Project:1613278091000
14:44:07 INFO  : Project TOP_hw_platform_0's source hardware specification located at /home/xyh/NFS_Alinx/VivadoProjects/CCD231/CCD231.sdk/TOP.hdf is now different from the local copy.
		 The local copy will be replaced with the source specification and your workspace will be updated.
14:44:08 INFO  : Copied contents of /home/xyh/NFS_Alinx/VivadoProjects/CCD231/CCD231.sdk/TOP.hdf into /TOP_hw_platform_0/system.hdf.
14:44:10 INFO  : Synchronizing projects in the workspace with the hardware platform specification changes.
14:44:11 INFO  : 
14:44:12 INFO  : Updating hardware inferred compiler options for fsbl.
14:44:12 INFO  : Clearing existing target manager status.
14:44:12 WARN  : Given IPC port value is invalid. Using default port 2350
14:44:12 WARN  : Given XMD timeout value is invalid. Using default value of 50000
14:44:15 WARN  : Given XMD transaction timeout value is invalid. Using default value of 60000 milli seconds
14:44:15 INFO  : Closing and re-opening the MSS file of ther project fsbl_bsp
14:44:16 INFO  : Workspace synchronized with the new hardware specification file. Cleaning dependent projects...
14:44:17 WARN  : Linker script will not be updated automatically. Users need to update it manually.
13:44:42 ERROR : Unexpected error while parsing XMD response ￿: com.google.gson.JsonSyntaxException: com.google.gson.stream.MalformedJsonException: invalid number or unquoted string near 
