Copyright 1986-2017 Xilinx, Inc. All Rights Reserved.
-------------------------------------------------------------------------------------------------------------------------------
| Tool Version     : Vivado v.2017.4 (lin64) Build 2086221 Fri Dec 15 20:54:30 MST 2017
| Date             : Tue Mar  2 11:54:45 2021
| Host             : apple running 64-bit Ubuntu 20.04.2 LTS
| Command          : report_power -file TOP_power_routed.rpt -pb TOP_power_summary_routed.pb -rpx TOP_power_routed.rpx
| Design           : TOP
| Device           : xc7z035ffg676-2
| Design State     : routed
| Grade            : commercial
| Process          : typical
| Characterization : Production
-------------------------------------------------------------------------------------------------------------------------------

Power Report

Table of Contents
-----------------
1. Summary
1.1 On-Chip Components
1.2 Power Supply Summary
1.3 Confidence Level
2. Settings
2.1 Environment
2.2 Clock Constraints
3. Detailed Reports
3.1 By Hierarchy

1. Summary
----------

+--------------------------+--------------+
| Total On-Chip Power (W)  | 2.041        |
| Design Power Budget (W)  | Unspecified* |
| Power Budget Margin (W)  | NA           |
| Dynamic (W)              | 1.816        |
| Device Static (W)        | 0.225        |
| Effective TJA (C/W)      | 1.9          |
| Max Ambient (C)          | 81.2         |
| Junction Temperature (C) | 28.8         |
| Confidence Level         | Low          |
| Setting File             | ---          |
| Simulation Activity File | ---          |
| Design Nets Matched      | NA           |
+--------------------------+--------------+
* Specify Design Power Budget using, set_operating_conditions -design_power_budget <value in Watts>


1.1 On-Chip Components
----------------------

+--------------------------+-----------+----------+-----------+-----------------+
| On-Chip                  | Power (W) | Used     | Available | Utilization (%) |
+--------------------------+-----------+----------+-----------+-----------------+
| Clocks                   |     0.068 |        8 |       --- |             --- |
| Slice Logic              |     0.014 |     9131 |       --- |             --- |
|   LUT as Logic           |     0.011 |     2780 |    171900 |            1.62 |
|   Register               |     0.002 |     4562 |    343800 |            1.33 |
|   LUT as Shift Register  |    <0.001 |      257 |     70400 |            0.37 |
|   CARRY4                 |    <0.001 |      149 |     54650 |            0.27 |
|   BUFG                   |    <0.001 |        2 |        32 |            6.25 |
|   LUT as Distributed RAM |    <0.001 |       38 |     70400 |            0.05 |
|   F7/F8 Muxes            |    <0.001 |       62 |    218600 |            0.03 |
|   Others                 |     0.000 |      641 |       --- |             --- |
| Signals                  |     0.024 |     6606 |       --- |             --- |
| Block RAM                |     0.027 |        9 |       500 |            1.80 |
| MMCM                     |     0.102 |        1 |         8 |           12.50 |
| I/O                      |     0.045 |       31 |       250 |           12.40 |
| PS7                      |     1.537 |        1 |       --- |             --- |
| Static Power             |     0.225 |          |           |                 |
| Total                    |     2.041 |          |           |                 |
+--------------------------+-----------+----------+-----------+-----------------+


1.2 Power Supply Summary
------------------------

+-----------+-------------+-----------+-------------+------------+
| Source    | Voltage (V) | Total (A) | Dynamic (A) | Static (A) |
+-----------+-------------+-----------+-------------+------------+
| Vccint    |       1.000 |     0.198 |       0.138 |      0.059 |
| Vccaux    |       1.800 |     0.104 |       0.064 |      0.040 |
| Vcco33    |       3.300 |     0.000 |       0.000 |      0.000 |
| Vcco25    |       2.500 |     0.011 |       0.010 |      0.001 |
| Vcco18    |       1.800 |     0.001 |       0.000 |      0.001 |
| Vcco15    |       1.500 |     0.000 |       0.000 |      0.000 |
| Vcco135   |       1.350 |     0.000 |       0.000 |      0.000 |
| Vcco12    |       1.200 |     0.000 |       0.000 |      0.000 |
| Vccaux_io |       1.800 |     0.000 |       0.000 |      0.000 |
| Vccbram   |       1.000 |     0.004 |       0.002 |      0.002 |
| MGTAVcc   |       1.000 |     0.000 |       0.000 |      0.000 |
| MGTAVtt   |       1.200 |     0.000 |       0.000 |      0.000 |
| MGTVccaux |       1.800 |     0.000 |       0.000 |      0.000 |
| Vccpint   |       1.000 |     0.744 |       0.725 |      0.018 |
| Vccpaux   |       1.800 |     0.061 |       0.051 |      0.010 |
| Vccpll    |       1.800 |     0.017 |       0.014 |      0.003 |
| Vcco_ddr  |       1.500 |     0.459 |       0.457 |      0.002 |
| Vcco_mio0 |       3.300 |     0.003 |       0.002 |      0.001 |
| Vcco_mio1 |       1.800 |     0.003 |       0.002 |      0.001 |
| Vccadc    |       1.800 |     0.020 |       0.000 |      0.020 |
+-----------+-------------+-----------+-------------+------------+


1.3 Confidence Level
--------------------

+-----------------------------+------------+--------------------------------------------------------+------------------------------------------------------------------------------------------------------------+
| User Input Data             | Confidence | Details                                                | Action                                                                                                     |
+-----------------------------+------------+--------------------------------------------------------+------------------------------------------------------------------------------------------------------------+
| Design implementation state | High       | Design is routed                                       |                                                                                                            |
| Clock nodes activity        | High       | User specified more than 95% of clocks                 |                                                                                                            |
| I/O nodes activity          | Low        | More than 75% of inputs are missing user specification | Provide missing input activity with simulation results or by editing the "By Resource Type -> I/Os" view   |
| Internal nodes activity     | Medium     | User specified less than 25% of internal nodes         | Provide missing internal nodes activity with simulation results or by editing the "By Resource Type" views |
| Device models               | High       | Device models are Production                           |                                                                                                            |
|                             |            |                                                        |                                                                                                            |
| Overall confidence level    | Low        |                                                        |                                                                                                            |
+-----------------------------+------------+--------------------------------------------------------+------------------------------------------------------------------------------------------------------------+


2. Settings
-----------

2.1 Environment
---------------

+-----------------------+--------------------------+
| Ambient Temp (C)      | 25.0                     |
| ThetaJA (C/W)         | 1.9                      |
| Airflow (LFM)         | 250                      |
| Heat Sink             | medium (Medium Profile)  |
| ThetaSA (C/W)         | 3.4                      |
| Board Selection       | medium (10"x10")         |
| # of Board Layers     | 12to15 (12 to 15 Layers) |
| Board Temperature (C) | 25.0                     |
+-----------------------+--------------------------+


2.2 Clock Constraints
---------------------

+--------------------------------------------------------------------------------------------+----------------------------------------------------------------------+-----------------+
| Clock                                                                                      | Domain                                                               | Constraint (ns) |
+--------------------------------------------------------------------------------------------+----------------------------------------------------------------------+-----------------+
| clk_150M_my_clk_generator                                                                  | my_clock/inst/clk_150M_my_clk_generator                              |             6.7 |
| clk_450M_my_clk_generator                                                                  | my_clock/inst/clk_450M_my_clk_generator                              |             2.2 |
| clkfbout_my_clk_generator                                                                  | my_clock/inst/clkfbout_my_clk_generator                              |            20.0 |
| dbg_hub/inst/BSCANID.u_xsdbm_id/SWITCH_N_EXT_BSCAN.bscan_inst/SERIES7_BSCAN.bscan_inst/TCK | dbg_hub/inst/BSCANID.u_xsdbm_id/SWITCH_N_EXT_BSCAN.bscan_inst/tck_bs |            33.0 |
| my_clock/inst/clk_in                                                                       | clk_50M_IBUF_BUFG                                                    |            20.0 |
+--------------------------------------------------------------------------------------------+----------------------------------------------------------------------+-----------------+


3. Detailed Reports
-------------------

3.1 By Hierarchy
----------------

+-------------------------------------------------------------------------------------+-----------+
| Name                                                                                | Power (W) |
+-------------------------------------------------------------------------------------+-----------+
| TOP                                                                                 |     1.816 |
|   CCD231                                                                            |     1.552 |
|     CCD231_i                                                                        |     1.552 |
|       AXI_GPIO_IN                                                                   |    <0.001 |
|         U0                                                                          |    <0.001 |
|           AXI_LITE_IPIF_I                                                           |    <0.001 |
|             I_SLAVE_ATTACHMENT                                                      |    <0.001 |
|               I_DECODER                                                             |    <0.001 |
|           gpio_core_1                                                               |    <0.001 |
|             Not_Dual.INPUT_DOUBLE_REGS3                                             |    <0.001 |
|       AXI_GPIO_OUT                                                                  |     0.002 |
|         U0                                                                          |     0.002 |
|           AXI_LITE_IPIF_I                                                           |    <0.001 |
|             I_SLAVE_ATTACHMENT                                                      |    <0.001 |
|               I_DECODER                                                             |    <0.001 |
|           gpio_core_1                                                               |    <0.001 |
|       AXI_INTERCONNECT                                                              |     0.008 |
|         s00_couplers                                                                |     0.007 |
|           auto_pc                                                                   |     0.007 |
|             inst                                                                    |     0.007 |
|               gen_axilite.gen_b2s_conv.axilite_b2s                                  |     0.007 |
|                 RD.ar_channel_0                                                     |     0.001 |
|                   ar_cmd_fsm_0                                                      |    <0.001 |
|                   cmd_translator_0                                                  |    <0.001 |
|                     incr_cmd_0                                                      |    <0.001 |
|                     wrap_cmd_0                                                      |    <0.001 |
|                 RD.r_channel_0                                                      |     0.002 |
|                   rd_data_fifo_0                                                    |    <0.001 |
|                   transaction_fifo_0                                                |    <0.001 |
|                 SI_REG                                                              |     0.003 |
|                   ar.ar_pipe                                                        |    <0.001 |
|                   aw.aw_pipe                                                        |    <0.001 |
|                   b.b_pipe                                                          |    <0.001 |
|                   r.r_pipe                                                          |    <0.001 |
|                 WR.aw_channel_0                                                     |     0.001 |
|                   aw_cmd_fsm_0                                                      |    <0.001 |
|                   cmd_translator_0                                                  |    <0.001 |
|                     incr_cmd_0                                                      |    <0.001 |
|                     wrap_cmd_0                                                      |    <0.001 |
|                 WR.b_channel_0                                                      |    <0.001 |
|                   bid_fifo_0                                                        |    <0.001 |
|                   bresp_fifo_0                                                      |    <0.001 |
|         xbar                                                                        |     0.001 |
|           inst                                                                      |     0.001 |
|             gen_sasd.crossbar_sasd_0                                                |     0.001 |
|               addr_arbiter_inst                                                     |    <0.001 |
|               gen_decerr.decerr_slave_inst                                          |    <0.001 |
|               reg_slice_r                                                           |    <0.001 |
|               splitter_ar                                                           |    <0.001 |
|               splitter_aw                                                           |    <0.001 |
|       axi_interconnect_0                                                            |     0.004 |
|         s00_couplers                                                                |     0.004 |
|           auto_pc                                                                   |     0.004 |
|             inst                                                                    |     0.004 |
|               gen_axi4_axi3.axi3_conv_inst                                          |     0.004 |
|                 USE_READ.USE_SPLIT_R.read_addr_inst                                 |     0.001 |
|                   USE_R_CHANNEL.cmd_queue                                           |    <0.001 |
|                     inst                                                            |    <0.001 |
|                       fifo_gen_inst                                                 |    <0.001 |
|                         inst_fifo_gen                                               |    <0.001 |
|                           gconvfifo.rf                                              |    <0.001 |
|                             grf.rf                                                  |    <0.001 |
|                               gntv_or_sync_fifo.gl0.rd                              |    <0.001 |
|                                 gr1.gr1_int.rfwft                                   |    <0.001 |
|                                 grss.rsts                                           |    <0.001 |
|                                 rpntr                                               |    <0.001 |
|                               gntv_or_sync_fifo.gl0.wr                              |    <0.001 |
|                                 gwss.wsts                                           |    <0.001 |
|                                 wpntr                                               |    <0.001 |
|                               gntv_or_sync_fifo.mem                                 |    <0.001 |
|                                 gdm.dm_gen.dm                                       |    <0.001 |
|                                   RAM_reg_0_31_0_0                                  |    <0.001 |
|                               rstblk                                                |    <0.001 |
|                                 ngwrdrst.grst.g7serrst.gnsckt_wrst.rst_wr_reg2_inst |    <0.001 |
|                 USE_WRITE.USE_SPLIT_W.write_resp_inst                               |    <0.001 |
|                 USE_WRITE.write_addr_inst                                           |     0.002 |
|                   USE_BURSTS.cmd_queue                                              |    <0.001 |
|                     inst                                                            |    <0.001 |
|                       fifo_gen_inst                                                 |    <0.001 |
|                         inst_fifo_gen                                               |    <0.001 |
|                           gconvfifo.rf                                              |    <0.001 |
|                             grf.rf                                                  |    <0.001 |
|                               gntv_or_sync_fifo.gl0.rd                              |    <0.001 |
|                                 gr1.gr1_int.rfwft                                   |    <0.001 |
|                                 grss.rsts                                           |    <0.001 |
|                                 rpntr                                               |    <0.001 |
|                               gntv_or_sync_fifo.gl0.wr                              |    <0.001 |
|                                 gwss.wsts                                           |    <0.001 |
|                                 wpntr                                               |    <0.001 |
|                               gntv_or_sync_fifo.mem                                 |    <0.001 |
|                                 gdm.dm_gen.dm                                       |    <0.001 |
|                                   RAM_reg_0_31_0_5                                  |    <0.001 |
|                                   RAM_reg_0_31_6_9                                  |    <0.001 |
|                               rstblk                                                |    <0.001 |
|                                 ngwrdrst.grst.g7serrst.gnsckt_wrst.rst_wr_reg2_inst |    <0.001 |
|                   USE_B_CHANNEL.cmd_b_queue                                         |    <0.001 |
|                     inst                                                            |    <0.001 |
|                       fifo_gen_inst                                                 |    <0.001 |
|                         inst_fifo_gen                                               |    <0.001 |
|                           gconvfifo.rf                                              |    <0.001 |
|                             grf.rf                                                  |    <0.001 |
|                               gntv_or_sync_fifo.gl0.rd                              |    <0.001 |
|                                 gr1.gr1_int.rfwft                                   |    <0.001 |
|                                 grss.rsts                                           |    <0.001 |
|                                 rpntr                                               |    <0.001 |
|                               gntv_or_sync_fifo.gl0.wr                              |    <0.001 |
|                                 gwss.wsts                                           |    <0.001 |
|                                 wpntr                                               |    <0.001 |
|                               gntv_or_sync_fifo.mem                                 |    <0.001 |
|                                 gdm.dm_gen.dm                                       |    <0.001 |
|                                   RAM_reg_0_31_0_4                                  |    <0.001 |
|                               rstblk                                                |    <0.001 |
|                                 ngwrdrst.grst.g7serrst.gnsckt_wrst.rst_wr_reg2_inst |    <0.001 |
|                 USE_WRITE.write_data_inst                                           |    <0.001 |
|       processing_system7_0                                                          |     1.537 |
|         inst                                                                        |     1.537 |
|       rst_ps7_0_148M                                                                |    <0.001 |
|         U0                                                                          |    <0.001 |
|           EXT_LPF                                                                   |    <0.001 |
|             ACTIVE_LOW_AUX.ACT_LO_AUX                                               |    <0.001 |
|             ACTIVE_LOW_EXT.ACT_LO_EXT                                               |    <0.001 |
|           SEQ                                                                       |    <0.001 |
|             SEQ_COUNTER                                                             |    <0.001 |
|   dbg_hub                                                                           |     0.010 |
|     inst                                                                            |     0.010 |
|       BSCANID.u_xsdbm_id                                                            |     0.010 |
|         CORE_XSDB.UUT_MASTER                                                        |     0.009 |
|           U_ICON_INTERFACE                                                          |     0.005 |
|             U_CMD1                                                                  |    <0.001 |
|             U_CMD2                                                                  |    <0.001 |
|             U_CMD3                                                                  |    <0.001 |
|             U_CMD4                                                                  |    <0.001 |
|             U_CMD5                                                                  |    <0.001 |
|             U_CMD6_RD                                                               |     0.002 |
|               U_RD_FIFO                                                             |     0.002 |
|                 SUBCORE_FIFO.xsdbm_v3_0_0_rdfifo_inst                               |     0.002 |
|                   inst_fifo_gen                                                     |     0.002 |
|                     gconvfifo.rf                                                    |     0.002 |
|                       grf.rf                                                        |     0.002 |
|                         gntv_or_sync_fifo.gcx.clkx                                  |    <0.001 |
|                           gnxpm_cdc.gsync_stage[1].rd_stg_inst                      |    <0.001 |
|                           gnxpm_cdc.gsync_stage[1].wr_stg_inst                      |    <0.001 |
|                           gnxpm_cdc.gsync_stage[2].rd_stg_inst                      |    <0.001 |
|                           gnxpm_cdc.gsync_stage[2].wr_stg_inst                      |    <0.001 |
|                         gntv_or_sync_fifo.gl0.rd                                    |    <0.001 |
|                           gr1.gr1_int.rfwft                                         |    <0.001 |
|                           gras.rsts                                                 |    <0.001 |
|                           rpntr                                                     |    <0.001 |
|                         gntv_or_sync_fifo.gl0.wr                                    |    <0.001 |
|                           gwas.wsts                                                 |    <0.001 |
|                           wpntr                                                     |    <0.001 |
|                         gntv_or_sync_fifo.mem                                       |    <0.001 |
|                           gdm.dm_gen.dm                                             |    <0.001 |
|                             RAM_reg_0_15_0_5                                        |    <0.001 |
|                             RAM_reg_0_15_12_15                                      |    <0.001 |
|                             RAM_reg_0_15_6_11                                       |    <0.001 |
|                         rstblk                                                      |    <0.001 |
|                           ngwrdrst.grst.g7serrst.gwrrd_rst_sync_stage[1].rrst_inst  |    <0.001 |
|                           ngwrdrst.grst.g7serrst.gwrrd_rst_sync_stage[1].wrst_inst  |    <0.001 |
|                           ngwrdrst.grst.g7serrst.gwrrd_rst_sync_stage[2].rrst_inst  |    <0.001 |
|                           ngwrdrst.grst.g7serrst.gwrrd_rst_sync_stage[2].wrst_inst  |    <0.001 |
|             U_CMD6_WR                                                               |     0.002 |
|               U_WR_FIFO                                                             |     0.002 |
|                 SUBCORE_FIFO.xsdbm_v3_0_0_wrfifo_inst                               |     0.002 |
|                   inst_fifo_gen                                                     |     0.002 |
|                     gconvfifo.rf                                                    |     0.002 |
|                       grf.rf                                                        |     0.002 |
|                         gntv_or_sync_fifo.gcx.clkx                                  |    <0.001 |
|                           gnxpm_cdc.gsync_stage[1].rd_stg_inst                      |    <0.001 |
|                           gnxpm_cdc.gsync_stage[1].wr_stg_inst                      |    <0.001 |
|                           gnxpm_cdc.gsync_stage[2].rd_stg_inst                      |    <0.001 |
|                           gnxpm_cdc.gsync_stage[2].wr_stg_inst                      |    <0.001 |
|                         gntv_or_sync_fifo.gl0.rd                                    |    <0.001 |
|                           gras.rsts                                                 |    <0.001 |
|                           rpntr                                                     |    <0.001 |
|                         gntv_or_sync_fifo.gl0.wr                                    |    <0.001 |
|                           gwas.wsts                                                 |    <0.001 |
|                           wpntr                                                     |    <0.001 |
|                         gntv_or_sync_fifo.mem                                       |    <0.001 |
|                           gdm.dm_gen.dm                                             |    <0.001 |
|                             RAM_reg_0_15_0_5                                        |    <0.001 |
|                             RAM_reg_0_15_12_15                                      |    <0.001 |
|                             RAM_reg_0_15_6_11                                       |    <0.001 |
|                         rstblk                                                      |    <0.001 |
|                           ngwrdrst.grst.g7serrst.gwrrd_rst_sync_stage[1].rrst_inst  |    <0.001 |
|                           ngwrdrst.grst.g7serrst.gwrrd_rst_sync_stage[1].wrst_inst  |    <0.001 |
|                           ngwrdrst.grst.g7serrst.gwrrd_rst_sync_stage[2].rrst_inst  |    <0.001 |
|                           ngwrdrst.grst.g7serrst.gwrrd_rst_sync_stage[2].wrst_inst  |    <0.001 |
|             U_CMD7_CTL                                                              |    <0.001 |
|             U_CMD7_STAT                                                             |    <0.001 |
|             U_STATIC_STATUS                                                         |    <0.001 |
|           U_XSDB_ADDRESS_CONTROLLER                                                 |    <0.001 |
|           U_XSDB_BURST_WD_LEN_CONTROLLER                                            |    <0.001 |
|           U_XSDB_BUS_CONTROLLER                                                     |     0.002 |
|             U_RD_ABORT_FLAG                                                         |    <0.001 |
|             U_RD_REQ_FLAG                                                           |    <0.001 |
|             U_TIMER                                                                 |     0.001 |
|           U_XSDB_BUS_MSTR2SL_PORT_IFACE                                             |    <0.001 |
|         CORE_XSDB.U_ICON                                                            |    <0.001 |
|           U_CMD                                                                     |    <0.001 |
|           U_STAT                                                                    |    <0.001 |
|           U_SYNC                                                                    |    <0.001 |
|         SWITCH_N_EXT_BSCAN.bscan_inst                                               |    <0.001 |
|         SWITCH_N_EXT_BSCAN.bscan_switch                                             |    <0.001 |
|   ltc2271                                                                           |     0.082 |
|     inst                                                                            |     0.082 |
|       ila_core_inst                                                                 |     0.082 |
|         ila_trace_memory_inst                                                       |     0.027 |
|           SUBCORE_RAM_BLK_MEM_1.trace_block_memory                                  |     0.027 |
|             inst_blk_mem_gen                                                        |     0.027 |
|               gnbram.gnativebmg.native_blk_mem_gen                                  |     0.027 |
|                 valid.cstr                                                          |     0.027 |
|                   ramloop[0].ram.r                                                  |     0.003 |
|                     prim_noinit.ram                                                 |     0.003 |
|                   ramloop[1].ram.r                                                  |     0.003 |
|                     prim_noinit.ram                                                 |     0.003 |
|                   ramloop[2].ram.r                                                  |     0.003 |
|                     prim_noinit.ram                                                 |     0.003 |
|                   ramloop[3].ram.r                                                  |     0.003 |
|                     prim_noinit.ram                                                 |     0.003 |
|                   ramloop[4].ram.r                                                  |     0.003 |
|                     prim_noinit.ram                                                 |     0.003 |
|                   ramloop[5].ram.r                                                  |     0.003 |
|                     prim_noinit.ram                                                 |     0.003 |
|                   ramloop[6].ram.r                                                  |     0.003 |
|                     prim_noinit.ram                                                 |     0.003 |
|                   ramloop[7].ram.r                                                  |     0.003 |
|                     prim_noinit.ram                                                 |     0.003 |
|                   ramloop[8].ram.r                                                  |     0.003 |
|                     prim_noinit.ram                                                 |     0.003 |
|         u_ila_cap_ctrl                                                              |     0.006 |
|           U_CDONE                                                                   |    <0.001 |
|           U_NS0                                                                     |    <0.001 |
|           U_NS1                                                                     |    <0.001 |
|           u_cap_addrgen                                                             |     0.005 |
|             U_CMPRESET                                                              |    <0.001 |
|             u_cap_sample_counter                                                    |    <0.001 |
|               U_SCE                                                                 |    <0.001 |
|               U_SCMPCE                                                              |    <0.001 |
|               U_SCRST                                                               |    <0.001 |
|               u_scnt_cmp                                                            |    <0.001 |
|                 allx_typeA_match_detection.ltlib_v1_0_0_allx_typeA_inst             |    <0.001 |
|                   DUT                                                               |    <0.001 |
|                     I_WHOLE_SLICE.G_SLICE_IDX[0].U_ALL_SRL_SLICE                    |    <0.001 |
|                       u_srlA                                                        |    <0.001 |
|                       u_srlB                                                        |    <0.001 |
|                       u_srlC                                                        |    <0.001 |
|                       u_srlD                                                        |    <0.001 |
|                     I_WHOLE_SLICE.G_SLICE_IDX[1].U_ALL_SRL_SLICE                    |    <0.001 |
|                       u_srlA                                                        |    <0.001 |
|                       u_srlB                                                        |    <0.001 |
|                       u_srlC                                                        |    <0.001 |
|                       u_srlD                                                        |    <0.001 |
|             u_cap_window_counter                                                    |     0.002 |
|               U_WCE                                                                 |    <0.001 |
|               U_WHCMPCE                                                             |    <0.001 |
|               U_WLCMPCE                                                             |    <0.001 |
|               u_wcnt_hcmp                                                           |    <0.001 |
|                 allx_typeA_match_detection.ltlib_v1_0_0_allx_typeA_inst             |    <0.001 |
|                   DUT                                                               |    <0.001 |
|                     I_WHOLE_SLICE.G_SLICE_IDX[0].U_ALL_SRL_SLICE                    |    <0.001 |
|                       u_srlA                                                        |    <0.001 |
|                       u_srlB                                                        |    <0.001 |
|                       u_srlC                                                        |    <0.001 |
|                       u_srlD                                                        |    <0.001 |
|                     I_WHOLE_SLICE.G_SLICE_IDX[1].U_ALL_SRL_SLICE                    |    <0.001 |
|                       u_srlA                                                        |    <0.001 |
|                       u_srlB                                                        |    <0.001 |
|                       u_srlC                                                        |    <0.001 |
|                       u_srlD                                                        |    <0.001 |
|               u_wcnt_lcmp                                                           |    <0.001 |
|                 allx_typeA_match_detection.ltlib_v1_0_0_allx_typeA_inst             |    <0.001 |
|                   DUT                                                               |    <0.001 |
|                     I_WHOLE_SLICE.G_SLICE_IDX[0].U_ALL_SRL_SLICE                    |    <0.001 |
|                       u_srlA                                                        |    <0.001 |
|                       u_srlB                                                        |    <0.001 |
|                       u_srlC                                                        |    <0.001 |
|                       u_srlD                                                        |    <0.001 |
|                     I_WHOLE_SLICE.G_SLICE_IDX[1].U_ALL_SRL_SLICE                    |    <0.001 |
|                       u_srlA                                                        |    <0.001 |
|                       u_srlB                                                        |    <0.001 |
|                       u_srlC                                                        |    <0.001 |
|                       u_srlD                                                        |    <0.001 |
|         u_ila_regs                                                                  |     0.031 |
|           MU_SRL[0].mu_srl_reg                                                      |    <0.001 |
|           MU_SRL[10].mu_srl_reg                                                     |    <0.001 |
|           MU_SRL[11].mu_srl_reg                                                     |    <0.001 |
|           MU_SRL[12].mu_srl_reg                                                     |    <0.001 |
|           MU_SRL[13].mu_srl_reg                                                     |    <0.001 |
|           MU_SRL[14].mu_srl_reg                                                     |    <0.001 |
|           MU_SRL[15].mu_srl_reg                                                     |    <0.001 |
|           MU_SRL[1].mu_srl_reg                                                      |    <0.001 |
|           MU_SRL[2].mu_srl_reg                                                      |    <0.001 |
|           MU_SRL[3].mu_srl_reg                                                      |    <0.001 |
|           MU_SRL[4].mu_srl_reg                                                      |    <0.001 |
|           MU_SRL[5].mu_srl_reg                                                      |    <0.001 |
|           MU_SRL[6].mu_srl_reg                                                      |    <0.001 |
|           MU_SRL[7].mu_srl_reg                                                      |    <0.001 |
|           MU_SRL[8].mu_srl_reg                                                      |    <0.001 |
|           MU_SRL[9].mu_srl_reg                                                      |    <0.001 |
|           TC_SRL[0].tc_srl_reg                                                      |    <0.001 |
|           U_XSDB_SLAVE                                                              |     0.006 |
|           reg_15                                                                    |    <0.001 |
|             I_EN_CTL_EQ1.U_CTL                                                      |    <0.001 |
|           reg_16                                                                    |    <0.001 |
|             I_EN_CTL_EQ1.U_CTL                                                      |    <0.001 |
|           reg_17                                                                    |    <0.001 |
|             I_EN_CTL_EQ1.U_CTL                                                      |    <0.001 |
|           reg_18                                                                    |    <0.001 |
|             I_EN_CTL_EQ1.U_CTL                                                      |    <0.001 |
|           reg_19                                                                    |    <0.001 |
|             I_EN_CTL_EQ1.U_CTL                                                      |    <0.001 |
|           reg_1a                                                                    |    <0.001 |
|             I_EN_CTL_EQ1.U_CTL                                                      |    <0.001 |
|           reg_6                                                                     |    <0.001 |
|             I_EN_CTL_EQ1.U_CTL                                                      |    <0.001 |
|           reg_7                                                                     |    <0.001 |
|             I_EN_CTL_EQ1.U_CTL                                                      |    <0.001 |
|           reg_8                                                                     |    <0.001 |
|             I_EN_STAT_EQ1.U_STAT                                                    |    <0.001 |
|           reg_80                                                                    |    <0.001 |
|             I_EN_CTL_EQ1.U_CTL                                                      |    <0.001 |
|           reg_81                                                                    |    <0.001 |
|             I_EN_CTL_EQ1.U_CTL                                                      |    <0.001 |
|           reg_82                                                                    |    <0.001 |
|             I_EN_CTL_EQ1.U_CTL                                                      |    <0.001 |
|           reg_83                                                                    |    <0.001 |
|             I_EN_CTL_EQ1.U_CTL                                                      |    <0.001 |
|           reg_84                                                                    |    <0.001 |
|             I_EN_CTL_EQ1.U_CTL                                                      |    <0.001 |
|           reg_85                                                                    |    <0.001 |
|             I_EN_CTL_EQ1.U_CTL                                                      |    <0.001 |
|           reg_887                                                                   |    <0.001 |
|             I_EN_STAT_EQ1.U_STAT                                                    |    <0.001 |
|           reg_88d                                                                   |    <0.001 |
|             I_EN_STAT_EQ1.U_STAT                                                    |    <0.001 |
|           reg_890                                                                   |    <0.001 |
|             I_EN_STAT_EQ1.U_STAT                                                    |    <0.001 |
|           reg_9                                                                     |    <0.001 |
|             I_EN_STAT_EQ1.U_STAT                                                    |    <0.001 |
|           reg_srl_fff                                                               |    <0.001 |
|           reg_stream_ffd                                                            |    <0.001 |
|             I_EN_CTL_EQ1.U_CTL                                                      |    <0.001 |
|           reg_stream_ffe                                                            |    <0.001 |
|             I_EN_STAT_EQ1.U_STAT                                                    |    <0.001 |
|         u_ila_reset_ctrl                                                            |    <0.001 |
|           arm_detection_inst                                                        |    <0.001 |
|           asyncrounous_transfer.arm_in_transfer_inst                                |    <0.001 |
|           asyncrounous_transfer.arm_out_transfer_inst                               |    <0.001 |
|           asyncrounous_transfer.halt_in_transfer_inst                               |    <0.001 |
|           asyncrounous_transfer.halt_out_transfer_inst                              |    <0.001 |
|           halt_detection_inst                                                       |    <0.001 |
|         u_trig                                                                      |     0.009 |
|           N_DDR_TC.N_DDR_TC_INST[0].U_TC                                            |    <0.001 |
|             allx_typeA_match_detection.ltlib_v1_0_0_allx_typeA_inst                 |    <0.001 |
|               DUT                                                                   |    <0.001 |
|                 I_WHOLE_SLICE.G_SLICE_IDX[0].U_ALL_SRL_SLICE                        |    <0.001 |
|                   u_srlA                                                            |    <0.001 |
|                   u_srlB                                                            |    <0.001 |
|                   u_srlC                                                            |    <0.001 |
|                   u_srlD                                                            |    <0.001 |
|                 I_WHOLE_SLICE.G_SLICE_IDX[1].U_ALL_SRL_SLICE                        |    <0.001 |
|                   u_srlA                                                            |    <0.001 |
|                   u_srlB                                                            |    <0.001 |
|                   u_srlC                                                            |    <0.001 |
|                   u_srlD                                                            |    <0.001 |
|           U_TM                                                                      |     0.009 |
|             N_DDR_MODE.G_NMU[0].U_M                                                 |    <0.001 |
|               allx_typeA_match_detection.ltlib_v1_0_0_allx_typeA_inst               |    <0.001 |
|                 DUT                                                                 |    <0.001 |
|                   I_WHOLE_SLICE.G_SLICE_IDX[0].U_ALL_SRL_SLICE                      |    <0.001 |
|                     u_srlA                                                          |    <0.001 |
|                     u_srlB                                                          |    <0.001 |
|                     u_srlC                                                          |    <0.001 |
|                     u_srlD                                                          |    <0.001 |
|             N_DDR_MODE.G_NMU[10].U_M                                                |    <0.001 |
|               allx_typeA_match_detection.ltlib_v1_0_0_allx_typeA_inst               |    <0.001 |
|                 DUT                                                                 |    <0.001 |
|                   I_WHOLE_SLICE.G_SLICE_IDX[0].U_ALL_SRL_SLICE                      |    <0.001 |
|                     u_srlA                                                          |    <0.001 |
|                     u_srlB                                                          |    <0.001 |
|                     u_srlC                                                          |    <0.001 |
|                     u_srlD                                                          |    <0.001 |
|             N_DDR_MODE.G_NMU[11].U_M                                                |    <0.001 |
|               allx_typeA_match_detection.ltlib_v1_0_0_allx_typeA_inst               |    <0.001 |
|                 DUT                                                                 |    <0.001 |
|                   I_WHOLE_SLICE.G_SLICE_IDX[0].U_ALL_SRL_SLICE                      |    <0.001 |
|                     u_srlA                                                          |    <0.001 |
|                     u_srlB                                                          |    <0.001 |
|                     u_srlC                                                          |    <0.001 |
|                     u_srlD                                                          |    <0.001 |
|             N_DDR_MODE.G_NMU[12].U_M                                                |    <0.001 |
|               allx_typeA_match_detection.ltlib_v1_0_0_allx_typeA_inst               |    <0.001 |
|                 DUT                                                                 |    <0.001 |
|                   I_WHOLE_SLICE.G_SLICE_IDX[0].U_ALL_SRL_SLICE                      |    <0.001 |
|                     u_srlA                                                          |    <0.001 |
|                     u_srlB                                                          |    <0.001 |
|                     u_srlC                                                          |    <0.001 |
|                     u_srlD                                                          |    <0.001 |
|             N_DDR_MODE.G_NMU[13].U_M                                                |    <0.001 |
|               allx_typeA_match_detection.ltlib_v1_0_0_allx_typeA_inst               |    <0.001 |
|                 DUT                                                                 |    <0.001 |
|                   I_WHOLE_SLICE.G_SLICE_IDX[0].U_ALL_SRL_SLICE                      |    <0.001 |
|                     u_srlA                                                          |    <0.001 |
|                     u_srlB                                                          |    <0.001 |
|                     u_srlC                                                          |    <0.001 |
|                     u_srlD                                                          |    <0.001 |
|             N_DDR_MODE.G_NMU[14].U_M                                                |    <0.001 |
|               allx_typeA_match_detection.ltlib_v1_0_0_allx_typeA_inst               |    <0.001 |
|                 DUT                                                                 |    <0.001 |
|                   I_WHOLE_SLICE.G_SLICE_IDX[0].U_ALL_SRL_SLICE                      |    <0.001 |
|                     u_srlA                                                          |    <0.001 |
|                     u_srlB                                                          |    <0.001 |
|                     u_srlC                                                          |    <0.001 |
|                     u_srlD                                                          |    <0.001 |
|             N_DDR_MODE.G_NMU[15].U_M                                                |    <0.001 |
|               allx_typeA_match_detection.ltlib_v1_0_0_allx_typeA_inst               |    <0.001 |
|                 DUT                                                                 |    <0.001 |
|                   I_WHOLE_SLICE.G_SLICE_IDX[0].U_ALL_SRL_SLICE                      |    <0.001 |
|                     u_srlA                                                          |    <0.001 |
|                     u_srlB                                                          |    <0.001 |
|                     u_srlC                                                          |    <0.001 |
|                     u_srlD                                                          |    <0.001 |
|             N_DDR_MODE.G_NMU[1].U_M                                                 |     0.001 |
|               allx_typeA_match_detection.ltlib_v1_0_0_allx_typeA_inst               |     0.001 |
|                 DUT                                                                 |    <0.001 |
|                   I_WHOLE_SLICE.G_SLICE_IDX[0].U_ALL_SRL_SLICE                      |    <0.001 |
|                     u_srlA                                                          |    <0.001 |
|                     u_srlB                                                          |    <0.001 |
|                     u_srlC                                                          |    <0.001 |
|                     u_srlD                                                          |    <0.001 |
|                   I_WHOLE_SLICE.G_SLICE_IDX[1].U_ALL_SRL_SLICE                      |    <0.001 |
|                     u_srlA                                                          |    <0.001 |
|                     u_srlB                                                          |    <0.001 |
|                     u_srlC                                                          |    <0.001 |
|                     u_srlD                                                          |    <0.001 |
|             N_DDR_MODE.G_NMU[2].U_M                                                 |     0.001 |
|               allx_typeA_match_detection.ltlib_v1_0_0_allx_typeA_inst               |     0.001 |
|                 DUT                                                                 |    <0.001 |
|                   I_WHOLE_SLICE.G_SLICE_IDX[0].U_ALL_SRL_SLICE                      |    <0.001 |
|                     u_srlA                                                          |    <0.001 |
|                     u_srlB                                                          |    <0.001 |
|                     u_srlC                                                          |    <0.001 |
|                     u_srlD                                                          |    <0.001 |
|                   I_WHOLE_SLICE.G_SLICE_IDX[1].U_ALL_SRL_SLICE                      |    <0.001 |
|                     u_srlA                                                          |    <0.001 |
|                     u_srlB                                                          |    <0.001 |
|                     u_srlC                                                          |    <0.001 |
|                     u_srlD                                                          |    <0.001 |
|             N_DDR_MODE.G_NMU[3].U_M                                                 |     0.001 |
|               allx_typeA_match_detection.ltlib_v1_0_0_allx_typeA_inst               |     0.001 |
|                 DUT                                                                 |    <0.001 |
|                   I_WHOLE_SLICE.G_SLICE_IDX[0].U_ALL_SRL_SLICE                      |    <0.001 |
|                     u_srlA                                                          |    <0.001 |
|                     u_srlB                                                          |    <0.001 |
|                     u_srlC                                                          |    <0.001 |
|                     u_srlD                                                          |    <0.001 |
|                   I_WHOLE_SLICE.G_SLICE_IDX[1].U_ALL_SRL_SLICE                      |    <0.001 |
|                     u_srlA                                                          |    <0.001 |
|                     u_srlB                                                          |    <0.001 |
|                     u_srlC                                                          |    <0.001 |
|                     u_srlD                                                          |    <0.001 |
|             N_DDR_MODE.G_NMU[4].U_M                                                 |     0.001 |
|               allx_typeA_match_detection.ltlib_v1_0_0_allx_typeA_inst               |     0.001 |
|                 DUT                                                                 |    <0.001 |
|                   I_WHOLE_SLICE.G_SLICE_IDX[0].U_ALL_SRL_SLICE                      |    <0.001 |
|                     u_srlA                                                          |    <0.001 |
|                     u_srlB                                                          |    <0.001 |
|                     u_srlC                                                          |    <0.001 |
|                     u_srlD                                                          |    <0.001 |
|                   I_WHOLE_SLICE.G_SLICE_IDX[1].U_ALL_SRL_SLICE                      |    <0.001 |
|                     u_srlA                                                          |    <0.001 |
|                     u_srlB                                                          |    <0.001 |
|                     u_srlC                                                          |    <0.001 |
|                     u_srlD                                                          |    <0.001 |
|             N_DDR_MODE.G_NMU[5].U_M                                                 |    <0.001 |
|               allx_typeA_match_detection.ltlib_v1_0_0_allx_typeA_inst               |    <0.001 |
|                 DUT                                                                 |    <0.001 |
|                   I_WHOLE_SLICE.G_SLICE_IDX[0].U_ALL_SRL_SLICE                      |    <0.001 |
|                     u_srlA                                                          |    <0.001 |
|                     u_srlB                                                          |    <0.001 |
|                     u_srlC                                                          |    <0.001 |
|                     u_srlD                                                          |    <0.001 |
|             N_DDR_MODE.G_NMU[6].U_M                                                 |    <0.001 |
|               allx_typeA_match_detection.ltlib_v1_0_0_allx_typeA_inst               |    <0.001 |
|                 DUT                                                                 |    <0.001 |
|                   I_WHOLE_SLICE.G_SLICE_IDX[0].U_ALL_SRL_SLICE                      |    <0.001 |
|                     u_srlA                                                          |    <0.001 |
|                     u_srlB                                                          |    <0.001 |
|                     u_srlC                                                          |    <0.001 |
|                     u_srlD                                                          |    <0.001 |
|             N_DDR_MODE.G_NMU[7].U_M                                                 |    <0.001 |
|               allx_typeA_match_detection.ltlib_v1_0_0_allx_typeA_inst               |    <0.001 |
|                 DUT                                                                 |    <0.001 |
|                   I_WHOLE_SLICE.G_SLICE_IDX[0].U_ALL_SRL_SLICE                      |    <0.001 |
|                     u_srlA                                                          |    <0.001 |
|                     u_srlB                                                          |    <0.001 |
|                     u_srlC                                                          |    <0.001 |
|                     u_srlD                                                          |    <0.001 |
|             N_DDR_MODE.G_NMU[8].U_M                                                 |    <0.001 |
|               allx_typeA_match_detection.ltlib_v1_0_0_allx_typeA_inst               |    <0.001 |
|                 DUT                                                                 |    <0.001 |
|                   I_WHOLE_SLICE.G_SLICE_IDX[0].U_ALL_SRL_SLICE                      |    <0.001 |
|                     u_srlA                                                          |    <0.001 |
|                     u_srlB                                                          |    <0.001 |
|                     u_srlC                                                          |    <0.001 |
|                     u_srlD                                                          |    <0.001 |
|             N_DDR_MODE.G_NMU[9].U_M                                                 |    <0.001 |
|               allx_typeA_match_detection.ltlib_v1_0_0_allx_typeA_inst               |    <0.001 |
|                 DUT                                                                 |    <0.001 |
|                   I_WHOLE_SLICE.G_SLICE_IDX[0].U_ALL_SRL_SLICE                      |    <0.001 |
|                     u_srlA                                                          |    <0.001 |
|                     u_srlB                                                          |    <0.001 |
|                     u_srlC                                                          |    <0.001 |
|                     u_srlD                                                          |    <0.001 |
|         xsdb_memory_read_inst                                                       |     0.002 |
|   mem_test_m0                                                                       |     0.019 |
|   my_clock                                                                          |     0.104 |
|     inst                                                                            |     0.104 |
|   spi4adc                                                                           |     0.002 |
|     spi                                                                             |     0.002 |
|   u_aq_axi_master                                                                   |     0.003 |
+-------------------------------------------------------------------------------------+-----------+


