15:21:54 INFO  : Registering command handlers for SDK TCF services
15:21:56 INFO  : Launching XSCT server: xsct -n -interactive /home/xyh/NFS_Alinx/VivadoProjects/CCD231/CCD231.sdk/temp_xsdb_launch_script.tcl
15:21:58 INFO  : XSCT server has started successfully.
15:21:58 INFO  : Successfully done setting XSCT server connection channel  
15:21:59 INFO  : Successfully done setting SDK workspace  
15:21:59 INFO  : Processing command line option -hwspec /home/xyh/NFS_Alinx/VivadoProjects/CCD231/CCD231.sdk/TOP.hdf.
16:23:29 INFO  : SDK has detected change in the last modified timestamps for source hardware specification file Source:1614154971000,  Project:1614151233000
16:23:29 INFO  : Project TOP_hw_platform_0's source hardware specification located at /home/xyh/NFS_Alinx/VivadoProjects/CCD231/CCD231.sdk/TOP.hdf is now different from the local copy.
		 The local copy will be replaced with the source specification and your workspace will be updated.
16:23:30 INFO  : Copied contents of /home/xyh/NFS_Alinx/VivadoProjects/CCD231/CCD231.sdk/TOP.hdf into /TOP_hw_platform_0/system.hdf.
16:23:33 INFO  : Synchronizing projects in the workspace with the hardware platform specification changes.
16:23:33 INFO  : 
16:23:34 INFO  : Updating hardware inferred compiler options for fsbl.
16:23:34 INFO  : Clearing existing target manager status.
16:23:34 WARN  : Given IPC port value is invalid. Using default port 2350
16:23:34 WARN  : Given XMD timeout value is invalid. Using default value of 50000
16:23:37 WARN  : Given XMD transaction timeout value is invalid. Using default value of 60000 milli seconds
16:23:37 INFO  : Closing and re-opening the MSS file of ther project fsbl_bsp
16:23:38 INFO  : Workspace synchronized with the new hardware specification file. Cleaning dependent projects...
16:23:43 WARN  : Linker script will not be updated automatically. Users need to update it manually.
