#-----------------------------------------------------------
# Vivado v2017.4 (64-bit)
# SW Build 2086221 on Fri Dec 15 20:54:30 MST 2017
# IP Build 2085800 on Fri Dec 15 22:25:07 MST 2017
# Start of session at: Wed Feb 24 09:09:59 2021
# Process ID: 329645
# Current directory: /home/xyh/NFS_Alinx/VivadoProjects/CCD231
# Command line: vivado CCD231.xpr
# Log file: /home/xyh/NFS_Alinx/VivadoProjects/CCD231/vivado.log
# Journal file: /home/xyh/NFS_Alinx/VivadoProjects/CCD231/vivado.jou
#-----------------------------------------------------------
start_gui
open_project CCD231.xpr
INFO: [Project 1-313] Project file moved from '/home/xyh/alinx_nfs/VivadoProjects/CCD231' since last save.
Scanning sources...
Finished scanning sources
INFO: [IP_Flow 19-234] Refreshing IP repositories
INFO: [IP_Flow 19-1704] No user IP repositories specified
INFO: [IP_Flow 19-2313] Loaded Vivado IP repository '/home/xyh/Xilinx/Vivado/2017.4/data/ip'.
open_project: Time (s): cpu = 00:00:16 ; elapsed = 00:00:07 . Memory (MB): peak = 6170.215 ; gain = 156.125 ; free physical = 4895 ; free virtual = 22734
update_compile_order -fileset sources_1
open_project /home/xyh/NFS_Alinx/VivadoProjects/adc_test_4ch/adc_test_4ch.xpr
INFO: [Project 1-313] Project file moved from '/home/xyh/NFS_Alinx/adc_test_4ch' since last save.
Scanning sources...
Finished scanning sources
INFO: [IP_Flow 19-234] Refreshing IP repositories
INFO: [IP_Flow 19-1704] No user IP repositories specified
INFO: [IP_Flow 19-2313] Loaded Vivado IP repository '/home/xyh/Xilinx/Vivado/2017.4/data/ip'.
update_compile_order -fileset sources_1
current_project CCD231
current_project adc_test_4ch
close_project
exit
INFO: [Common 17-206] Exiting Vivado at Wed Feb 24 13:18:11 2021...
