#-----------------------------------------------------------
# Vivado v2017.4 (64-bit)
# SW Build 2086221 on Fri Dec 15 20:54:30 MST 2017
# IP Build 2085800 on Fri Dec 15 22:25:07 MST 2017
# Start of session at: Fri Feb 26 19:51:59 2021
# Process ID: 265693
# Current directory: /home/xyh/NFS_Alinx/VivadoProjects/CCD231
# Command line: vivado CCD231.xpr
# Log file: /home/xyh/NFS_Alinx/VivadoProjects/CCD231/vivado.log
# Journal file: /home/xyh/NFS_Alinx/VivadoProjects/CCD231/vivado.jou
#-----------------------------------------------------------
start_gui
open_project CCD231.xpr
Scanning sources...
Finished scanning sources
INFO: [IP_Flow 19-234] Refreshing IP repositories
INFO: [IP_Flow 19-1704] No user IP repositories specified
INFO: [IP_Flow 19-2313] Loaded Vivado IP repository '/home/xyh/Xilinx/Vivado/2017.4/data/ip'.
open_project: Time (s): cpu = 00:00:14 ; elapsed = 00:00:06 . Memory (MB): peak = 6181.152 ; gain = 185.016 ; free physical = 14875 ; free virtual = 22278
update_compile_order -fileset sources_1
reset_run synth_1
launch_runs synth_1 -jobs 4
[Fri Feb 26 19:52:22 2021] Launched synth_1...
Run output will be captured here: /home/xyh/NFS_Alinx/VivadoProjects/CCD231/CCD231.runs/synth_1/runme.log
WARNING: [IP_Flow 19-4067] Ignoring invalid widget type specified checkbox.Providing a default widget
WARNING: [IP_Flow 19-4067] Ignoring invalid widget type specified checkbox.Providing a default widget
set_property -dict [list CONFIG.C_NUM_OF_PROBES {15}] [get_ips ILA_LTC2271]
generate_target all [get_files  /home/xyh/NFS_Alinx/VivadoProjects/CCD231/CCD231.srcs/sources_1/ip/ILA_LTC2271/ILA_LTC2271.xci]
INFO: [IP_Flow 19-1686] Generating 'Instantiation Template' target for IP 'ILA_LTC2271'...
INFO: [IP_Flow 19-1686] Generating 'Synthesis' target for IP 'ILA_LTC2271'...
WARNING: [IP_Flow 19-4994] Overwriting existing constraint file '/home/xyh/NFS_Alinx/VivadoProjects/CCD231/CCD231.srcs/sources_1/ip/ILA_LTC2271/ILA_LTC2271_ooc.xdc'
INFO: [IP_Flow 19-1686] Generating 'Simulation' target for IP 'ILA_LTC2271'...
INFO: [IP_Flow 19-1686] Generating 'Implementation' target for IP 'ILA_LTC2271'...
INFO: [IP_Flow 19-1686] Generating 'Change Log' target for IP 'ILA_LTC2271'...
catch { config_ip_cache -export [get_ips -all ILA_LTC2271] }
export_ip_user_files -of_objects [get_files /home/xyh/NFS_Alinx/VivadoProjects/CCD231/CCD231.srcs/sources_1/ip/ILA_LTC2271/ILA_LTC2271.xci] -no_script -sync -force -quiet
reset_run ILA_LTC2271_synth_1
launch_runs -jobs 4 ILA_LTC2271_synth_1
[Fri Feb 26 19:57:09 2021] Launched ILA_LTC2271_synth_1...
Run output will be captured here: /home/xyh/NFS_Alinx/VivadoProjects/CCD231/CCD231.runs/ILA_LTC2271_synth_1/runme.log
export_simulation -of_objects [get_files /home/xyh/NFS_Alinx/VivadoProjects/CCD231/CCD231.srcs/sources_1/ip/ILA_LTC2271/ILA_LTC2271.xci] -directory /home/xyh/NFS_Alinx/VivadoProjects/CCD231/CCD231.ip_user_files/sim_scripts -ip_user_files_dir /home/xyh/NFS_Alinx/VivadoProjects/CCD231/CCD231.ip_user_files -ipstatic_source_dir /home/xyh/NFS_Alinx/VivadoProjects/CCD231/CCD231.ip_user_files/ipstatic -lib_map_path [list {modelsim=/home/xyh/NFS_Alinx/VivadoProjects/CCD231/CCD231.cache/compile_simlib/modelsim} {questa=/home/xyh/NFS_Alinx/VivadoProjects/CCD231/CCD231.cache/compile_simlib/questa} {ies=/home/xyh/NFS_Alinx/VivadoProjects/CCD231/CCD231.cache/compile_simlib/ies} {vcs=/home/xyh/NFS_Alinx/VivadoProjects/CCD231/CCD231.cache/compile_simlib/vcs} {riviera=/home/xyh/NFS_Alinx/VivadoProjects/CCD231/CCD231.cache/compile_simlib/riviera}] -use_ip_compiled_libs -force -quiet
reset_run synth_1
launch_runs impl_1 -to_step write_bitstream -jobs 4
[Fri Feb 26 19:57:37 2021] Launched ILA_LTC2271_synth_1, synth_1...
Run output will be captured here:
ILA_LTC2271_synth_1: /home/xyh/NFS_Alinx/VivadoProjects/CCD231/CCD231.runs/ILA_LTC2271_synth_1/runme.log
synth_1: /home/xyh/NFS_Alinx/VivadoProjects/CCD231/CCD231.runs/synth_1/runme.log
[Fri Feb 26 19:57:37 2021] Launched impl_1...
Run output will be captured here: /home/xyh/NFS_Alinx/VivadoProjects/CCD231/CCD231.runs/impl_1/runme.log
reset_run impl_1
reset_run synth_1
launch_runs impl_1 -to_step write_bitstream -jobs 4
[Fri Feb 26 20:03:46 2021] Launched synth_1...
Run output will be captured here: /home/xyh/NFS_Alinx/VivadoProjects/CCD231/CCD231.runs/synth_1/runme.log
[Fri Feb 26 20:03:46 2021] Launched impl_1...
Run output will be captured here: /home/xyh/NFS_Alinx/VivadoProjects/CCD231/CCD231.runs/impl_1/runme.log
reset_run synth_1
launch_runs impl_1 -to_step write_bitstream -jobs 4
[Fri Feb 26 20:09:07 2021] Launched synth_1...
Run output will be captured here: /home/xyh/NFS_Alinx/VivadoProjects/CCD231/CCD231.runs/synth_1/runme.log
[Fri Feb 26 20:09:07 2021] Launched impl_1...
Run output will be captured here: /home/xyh/NFS_Alinx/VivadoProjects/CCD231/CCD231.runs/impl_1/runme.log
reset_run synth_1
launch_runs impl_1 -to_step write_bitstream -jobs 4
[Fri Feb 26 20:13:43 2021] Launched synth_1...
Run output will be captured here: /home/xyh/NFS_Alinx/VivadoProjects/CCD231/CCD231.runs/synth_1/runme.log
[Fri Feb 26 20:13:43 2021] Launched impl_1...
Run output will be captured here: /home/xyh/NFS_Alinx/VivadoProjects/CCD231/CCD231.runs/impl_1/runme.log
reset_run synth_1
launch_runs impl_1 -to_step write_bitstream -jobs 4
[Fri Feb 26 20:18:14 2021] Launched synth_1...
Run output will be captured here: /home/xyh/NFS_Alinx/VivadoProjects/CCD231/CCD231.runs/synth_1/runme.log
[Fri Feb 26 20:18:14 2021] Launched impl_1...
Run output will be captured here: /home/xyh/NFS_Alinx/VivadoProjects/CCD231/CCD231.runs/impl_1/runme.log
open_hw
connect_hw_server
INFO: [Labtools 27-2285] Connecting to hw_server url TCP:localhost:3121
INFO: [Labtools 27-2222] Launching hw_server...
INFO: [Labtools 27-2221] Launch Output:

****** Xilinx hw_server v2017.4
  **** Build date : Dec 15 2017-21:02:11
    ** Copyright 1986-2017 Xilinx, Inc. All Rights Reserved.


open_hw_target
INFO: [Labtoolstcl 44-466] Opening hw_target localhost:3121/xilinx_tcf/Digilent/210249854792
set_property PROGRAM.FILE {/home/xyh/NFS_Alinx/VivadoProjects/CCD231/CCD231.runs/impl_1/TOP.bit} [get_hw_devices xc7z035_1]
set_property PROBES.FILE {/home/xyh/NFS_Alinx/VivadoProjects/CCD231/CCD231.runs/impl_1/TOP.ltx} [get_hw_devices xc7z035_1]
set_property FULL_PROBES.FILE {/home/xyh/NFS_Alinx/VivadoProjects/CCD231/CCD231.runs/impl_1/TOP.ltx} [get_hw_devices xc7z035_1]
current_hw_device [get_hw_devices xc7z035_1]
refresh_hw_device [lindex [get_hw_devices xc7z035_1] 0]
INFO: [Labtools 27-2302] Device xc7z035 (JTAG device index = 1) is programmed with a design that has 1 ILA core(s).
WARNING: [Labtools 27-1973] Mismatch between the design programmed into the device xc7z035 (JTAG device index = 1) and the probes file(s) /home/xyh/NFS_Alinx/VivadoProjects/CCD231/CCD231.runs/impl_1/TOP.ltx.
 The device core at location uuid_1F100B0A9300572C96389A5C93F7EC90, has 19 ILA Input port(s), but the core in the probes file(s) have 15 ILA Input port(s).
Resolution: 
1. Reprogram device with the correct programming file and associated probes file(s) OR
2. Goto device properties and associate the correct probes file(s) with the programming file already programmed in the device.
set_property PROBES.FILE {/home/xyh/NFS_Alinx/VivadoProjects/CCD231/CCD231.runs/impl_1/TOP.ltx} [get_hw_devices xc7z035_1]
set_property FULL_PROBES.FILE {/home/xyh/NFS_Alinx/VivadoProjects/CCD231/CCD231.runs/impl_1/TOP.ltx} [get_hw_devices xc7z035_1]
set_property PROGRAM.FILE {/home/xyh/NFS_Alinx/VivadoProjects/CCD231/CCD231.runs/impl_1/TOP.bit} [get_hw_devices xc7z035_1]
program_hw_devices [get_hw_devices xc7z035_1]
INFO: [Labtools 27-3164] End of startup status: HIGH
program_hw_devices: Time (s): cpu = 00:00:11 ; elapsed = 00:00:11 . Memory (MB): peak = 6941.367 ; gain = 8.004 ; free physical = 18828 ; free virtual = 26264
refresh_hw_device [lindex [get_hw_devices xc7z035_1] 0]
INFO: [Labtools 27-2302] Device xc7z035 (JTAG device index = 1) is programmed with a design that has 1 ILA core(s).
display_hw_ila_data [ get_hw_ila_data hw_ila_data_1 -of_objects [get_hw_ilas -of_objects [get_hw_devices xc7z035_1] -filter {CELL_NAME=~"ltc2271"}]]
WARNING: Simulation object EF_DCO_P_IBUF was not found in the design.
WARNING: Simulation object EF_DCO_N_IBUF_BUFG was not found in the design.
WARNING: Simulation object EF_FR_P_IBUF_BUFG was not found in the design.
WARNING: Simulation object EF_FR_N_IBUF was not found in the design.
WARNING: Simulation object GH_DCO_N_IBUF was not found in the design.
WARNING: Simulation object GH_DCO_P_IBUF was not found in the design.
WARNING: Simulation object GH_FR_N_IBUF was not found in the design.
WARNING: Simulation object GH_FR_P_IBUF was not found in the design.
INFO: [Labtools 27-3304] ILA Waveform data saved to file /home/xyh/NFS_Alinx/VivadoProjects/CCD231/CCD231.hw/backup/hw_ila_data_1.ila. Use Tcl command 'import_hw_ila_data' or Vivado File->Import->Import ILA Data menu item to import the previously saved data.
add_wave -into {hw_ila_data_1.wcfg} -radix hex { {A0_OBUF} {A1_OBUF} {data_E} {data_F} {data_G} {data_H} {data_status} {EF_DCO} {EF_FR} {GH_DCO} {GH_FR} {PL_KEY} }
run_hw_ila [get_hw_ilas -of_objects [get_hw_devices xc7z035_1] -filter {CELL_NAME=~"ltc2271"}]
INFO: [Labtools 27-1964] The ILA core 'hw_ila_1' trigger was armed at 2021-Feb-26 20:25:59
wait_on_hw_ila [get_hw_ilas -of_objects [get_hw_devices xc7z035_1] -filter {CELL_NAME=~"ltc2271"}]
display_hw_ila_data [upload_hw_ila_data [get_hw_ilas -of_objects [get_hw_devices xc7z035_1] -filter {CELL_NAME=~"ltc2271"}]]
INFO: [Labtools 27-1966] The ILA core 'hw_ila_1' triggered at 2021-Feb-26 20:26:01
INFO: [Labtools 27-3304] ILA Waveform data saved to file /home/xyh/NFS_Alinx/VivadoProjects/CCD231/CCD231.hw/backup/hw_ila_data_1.ila. Use Tcl command 'import_hw_ila_data' or Vivado File->Import->Import ILA Data menu item to import the previously saved data.
run_hw_ila [get_hw_ilas -of_objects [get_hw_devices xc7z035_1] -filter {CELL_NAME=~"ltc2271"}]
INFO: [Labtools 27-1964] The ILA core 'hw_ila_1' trigger was armed at 2021-Feb-26 20:26:34
wait_on_hw_ila [get_hw_ilas -of_objects [get_hw_devices xc7z035_1] -filter {CELL_NAME=~"ltc2271"}]
display_hw_ila_data [upload_hw_ila_data [get_hw_ilas -of_objects [get_hw_devices xc7z035_1] -filter {CELL_NAME=~"ltc2271"}]]
INFO: [Labtools 27-1966] The ILA core 'hw_ila_1' triggered at 2021-Feb-26 20:26:37
INFO: [Labtools 27-3304] ILA Waveform data saved to file /home/xyh/NFS_Alinx/VivadoProjects/CCD231/CCD231.hw/backup/hw_ila_data_1.ila. Use Tcl command 'import_hw_ila_data' or Vivado File->Import->Import ILA Data menu item to import the previously saved data.
run_hw_ila [get_hw_ilas -of_objects [get_hw_devices xc7z035_1] -filter {CELL_NAME=~"ltc2271"}]
INFO: [Labtools 27-1964] The ILA core 'hw_ila_1' trigger was armed at 2021-Feb-26 20:28:16
wait_on_hw_ila [get_hw_ilas -of_objects [get_hw_devices xc7z035_1] -filter {CELL_NAME=~"ltc2271"}]
display_hw_ila_data [upload_hw_ila_data [get_hw_ilas -of_objects [get_hw_devices xc7z035_1] -filter {CELL_NAME=~"ltc2271"}]]
INFO: [Labtools 27-1966] The ILA core 'hw_ila_1' triggered at 2021-Feb-26 20:28:19
INFO: [Labtools 27-3304] ILA Waveform data saved to file /home/xyh/NFS_Alinx/VivadoProjects/CCD231/CCD231.hw/backup/hw_ila_data_1.ila. Use Tcl command 'import_hw_ila_data' or Vivado File->Import->Import ILA Data menu item to import the previously saved data.
reset_run synth_1
launch_runs impl_1 -to_step write_bitstream -jobs 4
[Fri Feb 26 20:34:22 2021] Launched synth_1...
Run output will be captured here: /home/xyh/NFS_Alinx/VivadoProjects/CCD231/CCD231.runs/synth_1/runme.log
[Fri Feb 26 20:34:22 2021] Launched impl_1...
Run output will be captured here: /home/xyh/NFS_Alinx/VivadoProjects/CCD231/CCD231.runs/impl_1/runme.log
set_property PROBES.FILE {/home/xyh/NFS_Alinx/VivadoProjects/CCD231/CCD231.runs/impl_1/TOP.ltx} [get_hw_devices xc7z035_1]
set_property FULL_PROBES.FILE {/home/xyh/NFS_Alinx/VivadoProjects/CCD231/CCD231.runs/impl_1/TOP.ltx} [get_hw_devices xc7z035_1]
set_property PROGRAM.FILE {/home/xyh/NFS_Alinx/VivadoProjects/CCD231/CCD231.runs/impl_1/TOP.bit} [get_hw_devices xc7z035_1]
program_hw_devices [get_hw_devices xc7z035_1]
INFO: [Labtools 27-3164] End of startup status: HIGH
program_hw_devices: Time (s): cpu = 00:00:11 ; elapsed = 00:00:11 . Memory (MB): peak = 7021.406 ; gain = 0.000 ; free physical = 18788 ; free virtual = 26232
refresh_hw_device [lindex [get_hw_devices xc7z035_1] 0]
INFO: [Labtools 27-2302] Device xc7z035 (JTAG device index = 1) is programmed with a design that has 1 ILA core(s).
INFO: [Labtools 27-3304] ILA Waveform data saved to file /home/xyh/NFS_Alinx/VivadoProjects/CCD231/CCD231.hw/backup/hw_ila_data_1.ila. Use Tcl command 'import_hw_ila_data' or Vivado File->Import->Import ILA Data menu item to import the previously saved data.
run_hw_ila [get_hw_ilas -of_objects [get_hw_devices xc7z035_1] -filter {CELL_NAME=~"ltc2271"}]
INFO: [Labtools 27-1964] The ILA core 'hw_ila_1' trigger was armed at 2021-Feb-26 20:39:58
wait_on_hw_ila [get_hw_ilas -of_objects [get_hw_devices xc7z035_1] -filter {CELL_NAME=~"ltc2271"}]
display_hw_ila_data [upload_hw_ila_data [get_hw_ilas -of_objects [get_hw_devices xc7z035_1] -filter {CELL_NAME=~"ltc2271"}]]
INFO: [Labtools 27-1966] The ILA core 'hw_ila_1' triggered at 2021-Feb-26 20:40:03
INFO: [Labtools 27-3304] ILA Waveform data saved to file /home/xyh/NFS_Alinx/VivadoProjects/CCD231/CCD231.hw/backup/hw_ila_data_1.ila. Use Tcl command 'import_hw_ila_data' or Vivado File->Import->Import ILA Data menu item to import the previously saved data.
reset_run synth_1
launch_runs impl_1 -to_step write_bitstream -jobs 4
[Fri Feb 26 20:47:05 2021] Launched synth_1...
Run output will be captured here: /home/xyh/NFS_Alinx/VivadoProjects/CCD231/CCD231.runs/synth_1/runme.log
[Fri Feb 26 20:47:05 2021] Launched impl_1...
Run output will be captured here: /home/xyh/NFS_Alinx/VivadoProjects/CCD231/CCD231.runs/impl_1/runme.log
set_property PROBES.FILE {/home/xyh/NFS_Alinx/VivadoProjects/CCD231/CCD231.runs/impl_1/TOP.ltx} [get_hw_devices xc7z035_1]
set_property FULL_PROBES.FILE {/home/xyh/NFS_Alinx/VivadoProjects/CCD231/CCD231.runs/impl_1/TOP.ltx} [get_hw_devices xc7z035_1]
set_property PROGRAM.FILE {/home/xyh/NFS_Alinx/VivadoProjects/CCD231/CCD231.runs/impl_1/TOP.bit} [get_hw_devices xc7z035_1]
program_hw_devices [get_hw_devices xc7z035_1]
INFO: [Labtools 27-3164] End of startup status: HIGH
program_hw_devices: Time (s): cpu = 00:00:11 ; elapsed = 00:00:11 . Memory (MB): peak = 7022.395 ; gain = 0.000 ; free physical = 18738 ; free virtual = 26181
refresh_hw_device [lindex [get_hw_devices xc7z035_1] 0]
INFO: [Labtools 27-2302] Device xc7z035 (JTAG device index = 1) is programmed with a design that has 1 ILA core(s).
INFO: [Labtools 27-3304] ILA Waveform data saved to file /home/xyh/NFS_Alinx/VivadoProjects/CCD231/CCD231.hw/backup/hw_ila_data_1.ila. Use Tcl command 'import_hw_ila_data' or Vivado File->Import->Import ILA Data menu item to import the previously saved data.
run_hw_ila [get_hw_ilas -of_objects [get_hw_devices xc7z035_1] -filter {CELL_NAME=~"ltc2271"}]
INFO: [Labtools 27-1964] The ILA core 'hw_ila_1' trigger was armed at 2021-Feb-26 21:01:56
wait_on_hw_ila [get_hw_ilas -of_objects [get_hw_devices xc7z035_1] -filter {CELL_NAME=~"ltc2271"}]
display_hw_ila_data [upload_hw_ila_data [get_hw_ilas -of_objects [get_hw_devices xc7z035_1] -filter {CELL_NAME=~"ltc2271"}]]
INFO: [Labtools 27-1966] The ILA core 'hw_ila_1' triggered at 2021-Feb-26 21:01:59
INFO: [Labtools 27-3304] ILA Waveform data saved to file /home/xyh/NFS_Alinx/VivadoProjects/CCD231/CCD231.hw/backup/hw_ila_data_1.ila. Use Tcl command 'import_hw_ila_data' or Vivado File->Import->Import ILA Data menu item to import the previously saved data.
save_wave_config {/home/xyh/NFS_Alinx/VivadoProjects/CCD231/CCD231.hw/hw_1/wave/hw_ila_data_1/hw_ila_data_1.wcfg}
exit
INFO: [Common 17-206] Exiting Vivado at Fri Feb 26 21:40:22 2021...
