#-----------------------------------------------------------
# Vivado v2017.4 (64-bit)
# SW Build 2086221 on Fri Dec 15 20:54:30 MST 2017
# IP Build 2085800 on Fri Dec 15 22:25:07 MST 2017
# Start of session at: Sun Feb 14 12:54:01 2021
# Process ID: 4109
# Current directory: /home/xyh/NFS_Alinx/VivadoProjects/CCD231
# Command line: vivado CCD231.xpr
# Log file: /home/xyh/NFS_Alinx/VivadoProjects/CCD231/vivado.log
# Journal file: /home/xyh/NFS_Alinx/VivadoProjects/CCD231/vivado.jou
#-----------------------------------------------------------
start_gui
open_project CCD231.xpr
Scanning sources...
Finished scanning sources
INFO: [IP_Flow 19-234] Refreshing IP repositories
INFO: [IP_Flow 19-1704] No user IP repositories specified
INFO: [IP_Flow 19-2313] Loaded Vivado IP repository '/home/xyh/Xilinx/Vivado/2017.4/data/ip'.
open_project: Time (s): cpu = 00:00:13 ; elapsed = 00:00:07 . Memory (MB): peak = 6121.629 ; gain = 114.828 ; free physical = 27616 ; free virtual = 29752
update_compile_order -fileset sources_1
launch_sdk -workspace /home/xyh/NFS_Alinx/VivadoProjects/CCD231/CCD231.sdk -hwspec /home/xyh/NFS_Alinx/VivadoProjects/CCD231/CCD231.sdk/TOP.hdf
INFO: [Vivado 12-393] Launching SDK...
INFO: [Vivado 12-417] Running xsdk -workspace /home/xyh/NFS_Alinx/VivadoProjects/CCD231/CCD231.sdk -hwspec /home/xyh/NFS_Alinx/VivadoProjects/CCD231/CCD231.sdk/TOP.hdf
INFO: [Vivado 12-3157] SDK launch initiated. Please check console for any further messages.
file mkdir /home/xyh/NFS_Alinx/VivadoProjects/CCD231/CCD231.sdk
file copy -force /home/xyh/NFS_Alinx/VivadoProjects/CCD231/CCD231.runs/impl_1/TOP.sysdef /home/xyh/NFS_Alinx/VivadoProjects/CCD231/CCD231.sdk/TOP.hdf

launch_sdk -workspace /home/xyh/NFS_Alinx/VivadoProjects/CCD231/CCD231.sdk -hwspec /home/xyh/NFS_Alinx/VivadoProjects/CCD231/CCD231.sdk/TOP.hdf
INFO: [Vivado 12-393] Launching SDK...
INFO: [Vivado 12-417] Running xsdk -workspace /home/xyh/NFS_Alinx/VivadoProjects/CCD231/CCD231.sdk -hwspec /home/xyh/NFS_Alinx/VivadoProjects/CCD231/CCD231.sdk/TOP.hdf
INFO: [Vivado 12-3157] SDK launch initiated. Please check console for any further messages.
reset_run synth_1
launch_runs impl_1 -to_step write_bitstream -jobs 4
INFO: [Vivado 12-4149] The synthesis checkpoint for IP '/home/xyh/NFS_Alinx/VivadoProjects/CCD231/CCD231.srcs/sources_1/ip/ILA_XYH/ILA_XYH.xci' is already up-to-date
[Sun Feb 14 14:39:38 2021] Launched synth_1...
Run output will be captured here: /home/xyh/NFS_Alinx/VivadoProjects/CCD231/CCD231.runs/synth_1/runme.log
[Sun Feb 14 14:39:39 2021] Launched impl_1...
Run output will be captured here: /home/xyh/NFS_Alinx/VivadoProjects/CCD231/CCD231.runs/impl_1/runme.log
file copy -force /home/xyh/NFS_Alinx/VivadoProjects/CCD231/CCD231.runs/impl_1/TOP.sysdef /home/xyh/NFS_Alinx/VivadoProjects/CCD231/CCD231.sdk/TOP.hdf

save_project_as CCD231-20210215 /home/xyh/NFS_Alinx/VivadoProjects/CCD231-20210215 -force
open_bd_design {/home/xyh/NFS_Alinx/VivadoProjects/CCD231-20210215/CCD231-20210215.srcs/sources_1/bd/CCD231/CCD231.bd}
Adding cell -- xilinx.com:ip:processing_system7:5.5 - processing_system7_0
Adding cell -- xilinx.com:ip:axi_gpio:2.0 - AXI_GPIO_OUT
Adding cell -- xilinx.com:ip:proc_sys_reset:5.0 - rst_ps7_0_148M
Adding cell -- xilinx.com:ip:axi_gpio:2.0 - AXI_GPIO_IN
Adding cell -- xilinx.com:ip:axi_crossbar:2.1 - xbar
Adding cell -- xilinx.com:ip:axi_protocol_converter:2.1 - auto_pc
Successfully read diagram <CCD231> from BD file </home/xyh/NFS_Alinx/VivadoProjects/CCD231-20210215/CCD231-20210215.srcs/sources_1/bd/CCD231/CCD231.bd>
exit
INFO: [Common 17-206] Exiting Vivado at Mon Feb 15 18:25:47 2021...
