#-----------------------------------------------------------
# Vivado v2017.4 (64-bit)
# SW Build 2086221 on Fri Dec 15 20:54:30 MST 2017
# IP Build 2085800 on Fri Dec 15 22:25:07 MST 2017
# Start of session at: Wed Jan 27 10:48:28 2021
# Process ID: 201471
# Current directory: /home/xyh/NFS_Alinx/VivadoProjects/CCD231-debug-2021-01-26
# Command line: vivado CCD231-debug-2021-01-26.xpr
# Log file: /home/xyh/NFS_Alinx/VivadoProjects/CCD231-debug-2021-01-26/vivado.log
# Journal file: /home/xyh/NFS_Alinx/VivadoProjects/CCD231-debug-2021-01-26/vivado.jou
#-----------------------------------------------------------
start_gui
open_project CCD231-debug-2021-01-26.xpr
INFO: [Project 1-313] Project file moved from '/home/xyh/alinx_nfs/Vivado-Projects/CCD231-debug-2021-01-26' since last save.
Scanning sources...
Finished scanning sources
WARNING: [Project 1-509] GeneratedRun file for 'synth_1' not found
WARNING: [Project 1-509] GeneratedRun file for 'my_clk_generator_synth_1' not found
WARNING: [Project 1-509] GeneratedRun file for 'ILA_synth_1' not found
WARNING: [Project 1-509] GeneratedRun file for 'impl_1' not found
INFO: [IP_Flow 19-234] Refreshing IP repositories
INFO: [IP_Flow 19-1704] No user IP repositories specified
INFO: [IP_Flow 19-2313] Loaded Vivado IP repository '/home/xyh/Xilinx/Vivado/2017.4/data/ip'.
launch_runs impl_1 -to_step write_bitstream -jobs 4
[Wed Jan 27 10:48:57 2021] Launched my_clk_generator_synth_1, ILA_synth_1, synth_1...
Run output will be captured here:
my_clk_generator_synth_1: /home/xyh/NFS_Alinx/VivadoProjects/CCD231-debug-2021-01-26/CCD231-debug-2021-01-26.runs/my_clk_generator_synth_1/runme.log
ILA_synth_1: /home/xyh/NFS_Alinx/VivadoProjects/CCD231-debug-2021-01-26/CCD231-debug-2021-01-26.runs/ILA_synth_1/runme.log
synth_1: /home/xyh/NFS_Alinx/VivadoProjects/CCD231-debug-2021-01-26/CCD231-debug-2021-01-26.runs/synth_1/runme.log
[Wed Jan 27 10:48:57 2021] Launched impl_1...
Run output will be captured here: /home/xyh/NFS_Alinx/VivadoProjects/CCD231-debug-2021-01-26/CCD231-debug-2021-01-26.runs/impl_1/runme.log
open_hw
connect_hw_server
INFO: [Labtools 27-2285] Connecting to hw_server url TCP:localhost:3121
INFO: [Labtools 27-2222] Launching hw_server...
INFO: [Labtools 27-2221] Launch Output:

****** Xilinx hw_server v2017.4
  **** Build date : Dec 15 2017-21:02:11
    ** Copyright 1986-2017 Xilinx, Inc. All Rights Reserved.


open_hw_target
INFO: [Labtoolstcl 44-466] Opening hw_target localhost:3121/xilinx_tcf/Digilent/210249854792
set_property PROGRAM.FILE {/home/xyh/NFS_Alinx/VivadoProjects/CCD231-debug-2021-01-26/CCD231-debug-2021-01-26.runs/impl_1/TOP.bit} [get_hw_devices xc7z035_1]
set_property PROBES.FILE {/home/xyh/NFS_Alinx/VivadoProjects/CCD231-debug-2021-01-26/CCD231-debug-2021-01-26.runs/impl_1/TOP.ltx} [get_hw_devices xc7z035_1]
set_property FULL_PROBES.FILE {/home/xyh/NFS_Alinx/VivadoProjects/CCD231-debug-2021-01-26/CCD231-debug-2021-01-26.runs/impl_1/TOP.ltx} [get_hw_devices xc7z035_1]
current_hw_device [get_hw_devices xc7z035_1]
refresh_hw_device [lindex [get_hw_devices xc7z035_1] 0]
INFO: [Labtools 27-2302] Device xc7z035 (JTAG device index = 1) is programmed with a design that has 1 ILA core(s).
WARNING: [Labtools 27-3403] Dropping logic core with cellname:'ila' from probes file, since it cannot be found on the programmed device.
WARNING: [Labtools 27-1974] Mismatch between the design programmed into the device xc7z035_1 and the probes file(s) /home/xyh/NFS_Alinx/VivadoProjects/CCD231-debug-2021-01-26/CCD231-debug-2021-01-26.runs/impl_1/TOP.ltx.
The device design has 1 ILA core(s) and 0 VIO core(s). The probes file(s) have 0 ILA core(s) and 0 VIO core(s).
Resolution: 
1. Reprogram device with the correct programming file and associated probes file(s) OR
2. Goto device properties and associate the correct probes file(s) with the programming file already programmed in the device.
set_property PROBES.FILE {/home/xyh/NFS_Alinx/VivadoProjects/CCD231-debug-2021-01-26/CCD231-debug-2021-01-26.runs/impl_1/TOP.ltx} [get_hw_devices xc7z035_1]
set_property FULL_PROBES.FILE {/home/xyh/NFS_Alinx/VivadoProjects/CCD231-debug-2021-01-26/CCD231-debug-2021-01-26.runs/impl_1/TOP.ltx} [get_hw_devices xc7z035_1]
set_property PROGRAM.FILE {/home/xyh/NFS_Alinx/VivadoProjects/CCD231-debug-2021-01-26/CCD231-debug-2021-01-26.runs/impl_1/TOP.bit} [get_hw_devices xc7z035_1]
program_hw_devices [get_hw_devices xc7z035_1]
INFO: [Labtools 27-3164] End of startup status: HIGH
program_hw_devices: Time (s): cpu = 00:00:12 ; elapsed = 00:00:11 . Memory (MB): peak = 6730.820 ; gain = 8.004 ; free physical = 23887 ; free virtual = 27172
refresh_hw_device [lindex [get_hw_devices xc7z035_1] 0]
INFO: [Labtools 27-2302] Device xc7z035 (JTAG device index = 1) is programmed with a design that has 1 ILA core(s).
display_hw_ila_data [ get_hw_ila_data hw_ila_data_1 -of_objects [get_hw_ilas -of_objects [get_hw_devices xc7z035_1] -filter {CELL_NAME=~"ila"}]]
INFO: [Labtools 27-3304] ILA Waveform data saved to file /home/xyh/NFS_Alinx/VivadoProjects/CCD231-debug-2021-01-26/CCD231-debug-2021-01-26.hw/backup/hw_ila_data_1.ila. Use Tcl command 'import_hw_ila_data' or Vivado File->Import->Import ILA Data menu item to import the previously saved data.
run_hw_ila [get_hw_ilas -of_objects [get_hw_devices xc7z035_1] -filter {CELL_NAME=~"ila"}]
INFO: [Labtools 27-1964] The ILA core 'hw_ila_1' trigger was armed at 2021-Jan-27 10:57:22
wait_on_hw_ila [get_hw_ilas -of_objects [get_hw_devices xc7z035_1] -filter {CELL_NAME=~"ila"}]
display_hw_ila_data [upload_hw_ila_data [get_hw_ilas -of_objects [get_hw_devices xc7z035_1] -filter {CELL_NAME=~"ila"}]]
INFO: [Labtools 27-1966] The ILA core 'hw_ila_1' triggered at 2021-Jan-27 10:57:22
INFO: [Labtools 27-3304] ILA Waveform data saved to file /home/xyh/NFS_Alinx/VivadoProjects/CCD231-debug-2021-01-26/CCD231-debug-2021-01-26.hw/backup/hw_ila_data_1.ila. Use Tcl command 'import_hw_ila_data' or Vivado File->Import->Import ILA Data menu item to import the previously saved data.
set_property TRIGGER_COMPARE_VALUE eq1'bR [get_hw_probes sclk_OBUF -of_objects [get_hw_ilas -of_objects [get_hw_devices xc7z035_1] -filter {CELL_NAME=~"ila"}]]
run_hw_ila [get_hw_ilas -of_objects [get_hw_devices xc7z035_1] -filter {CELL_NAME=~"ila"}]
INFO: [Labtools 27-1964] The ILA core 'hw_ila_1' trigger was armed at 2021-Jan-27 10:57:41
wait_on_hw_ila [get_hw_ilas -of_objects [get_hw_devices xc7z035_1] -filter {CELL_NAME=~"ila"}]
display_hw_ila_data [upload_hw_ila_data [get_hw_ilas -of_objects [get_hw_devices xc7z035_1] -filter {CELL_NAME=~"ila"}]]
INFO: [Labtools 27-1966] The ILA core 'hw_ila_1' triggered at 2021-Jan-27 10:57:44
INFO: [Labtools 27-3304] ILA Waveform data saved to file /home/xyh/NFS_Alinx/VivadoProjects/CCD231-debug-2021-01-26/CCD231-debug-2021-01-26.hw/backup/hw_ila_data_1.ila. Use Tcl command 'import_hw_ila_data' or Vivado File->Import->Import ILA Data menu item to import the previously saved data.
startgroup 
set_property CONTROL.DATA_DEPTH 8192 [get_hw_ilas -of_objects [get_hw_devices xc7z035_1] -filter {CELL_NAME=~"ila"}]
set_property CONTROL.TRIGGER_POSITION 8191 [get_hw_ilas -of_objects [get_hw_devices xc7z035_1] -filter {CELL_NAME=~"ila"}]
endgroup
set_property CONTROL.TRIGGER_POSITION 128 [get_hw_ilas -of_objects [get_hw_devices xc7z035_1] -filter {CELL_NAME=~"ila"}]
run_hw_ila [get_hw_ilas -of_objects [get_hw_devices xc7z035_1] -filter {CELL_NAME=~"ila"}]
INFO: [Labtools 27-1964] The ILA core 'hw_ila_1' trigger was armed at 2021-Jan-27 10:57:59
wait_on_hw_ila [get_hw_ilas -of_objects [get_hw_devices xc7z035_1] -filter {CELL_NAME=~"ila"}]
display_hw_ila_data [upload_hw_ila_data [get_hw_ilas -of_objects [get_hw_devices xc7z035_1] -filter {CELL_NAME=~"ila"}]]
INFO: [Labtools 27-1966] The ILA core 'hw_ila_1' triggered at 2021-Jan-27 10:58:01
INFO: [Labtools 27-3304] ILA Waveform data saved to file /home/xyh/NFS_Alinx/VivadoProjects/CCD231-debug-2021-01-26/CCD231-debug-2021-01-26.hw/backup/hw_ila_data_1.ila. Use Tcl command 'import_hw_ila_data' or Vivado File->Import->Import ILA Data menu item to import the previously saved data.
save_wave_config {/home/xyh/NFS_Alinx/VivadoProjects/CCD231-debug-2021-01-26/CCD231-debug-2021-01-26.hw/hw_1/wave/hw_ila_data_1/hw_ila_data_1.wcfg}
close_hw
WARNING: [IP_Flow 19-4067] Ignoring invalid widget type specified checkbox.Providing a default widget
set_property -dict [list CONFIG.C_DATA_DEPTH {8192}] [get_ips ILA]
generate_target all [get_files  /home/xyh/NFS_Alinx/VivadoProjects/CCD231-debug-2021-01-26/CCD231-debug-2021-01-26.srcs/sources_1/ip/ILA/ILA.xci]
INFO: [IP_Flow 19-1686] Generating 'Instantiation Template' target for IP 'ILA'...
INFO: [IP_Flow 19-1686] Generating 'Synthesis' target for IP 'ILA'...
WARNING: [IP_Flow 19-4994] Overwriting existing constraint file '/home/xyh/NFS_Alinx/VivadoProjects/CCD231-debug-2021-01-26/CCD231-debug-2021-01-26.srcs/sources_1/ip/ILA/ILA_ooc.xdc'
INFO: [IP_Flow 19-1686] Generating 'Simulation' target for IP 'ILA'...
INFO: [IP_Flow 19-1686] Generating 'Implementation' target for IP 'ILA'...
INFO: [IP_Flow 19-1686] Generating 'Change Log' target for IP 'ILA'...
catch { config_ip_cache -export [get_ips -all ILA] }
export_ip_user_files -of_objects [get_files /home/xyh/NFS_Alinx/VivadoProjects/CCD231-debug-2021-01-26/CCD231-debug-2021-01-26.srcs/sources_1/ip/ILA/ILA.xci] -no_script -sync -force -quiet
reset_run ILA_synth_1
launch_runs -jobs 4 ILA_synth_1
[Wed Jan 27 10:58:45 2021] Launched ILA_synth_1...
Run output will be captured here: /home/xyh/NFS_Alinx/VivadoProjects/CCD231-debug-2021-01-26/CCD231-debug-2021-01-26.runs/ILA_synth_1/runme.log
export_simulation -of_objects [get_files /home/xyh/NFS_Alinx/VivadoProjects/CCD231-debug-2021-01-26/CCD231-debug-2021-01-26.srcs/sources_1/ip/ILA/ILA.xci] -directory /home/xyh/NFS_Alinx/VivadoProjects/CCD231-debug-2021-01-26/CCD231-debug-2021-01-26.ip_user_files/sim_scripts -ip_user_files_dir /home/xyh/NFS_Alinx/VivadoProjects/CCD231-debug-2021-01-26/CCD231-debug-2021-01-26.ip_user_files -ipstatic_source_dir /home/xyh/NFS_Alinx/VivadoProjects/CCD231-debug-2021-01-26/CCD231-debug-2021-01-26.ip_user_files/ipstatic -lib_map_path [list {modelsim=/home/xyh/NFS_Alinx/VivadoProjects/CCD231-debug-2021-01-26/CCD231-debug-2021-01-26.cache/compile_simlib/modelsim} {questa=/home/xyh/NFS_Alinx/VivadoProjects/CCD231-debug-2021-01-26/CCD231-debug-2021-01-26.cache/compile_simlib/questa} {ies=/home/xyh/NFS_Alinx/VivadoProjects/CCD231-debug-2021-01-26/CCD231-debug-2021-01-26.cache/compile_simlib/ies} {vcs=/home/xyh/NFS_Alinx/VivadoProjects/CCD231-debug-2021-01-26/CCD231-debug-2021-01-26.cache/compile_simlib/vcs} {riviera=/home/xyh/NFS_Alinx/VivadoProjects/CCD231-debug-2021-01-26/CCD231-debug-2021-01-26.cache/compile_simlib/riviera}] -use_ip_compiled_libs -force -quiet
reset_run synth_1
launch_runs impl_1 -to_step write_bitstream -jobs 4
[Wed Jan 27 11:05:16 2021] Launched synth_1...
Run output will be captured here: /home/xyh/NFS_Alinx/VivadoProjects/CCD231-debug-2021-01-26/CCD231-debug-2021-01-26.runs/synth_1/runme.log
[Wed Jan 27 11:05:16 2021] Launched impl_1...
Run output will be captured here: /home/xyh/NFS_Alinx/VivadoProjects/CCD231-debug-2021-01-26/CCD231-debug-2021-01-26.runs/impl_1/runme.log
open_hw
connect_hw_server
INFO: [Labtools 27-2285] Connecting to hw_server url TCP:localhost:3121
INFO: [Labtools 27-2222] Launching hw_server...
INFO: [Labtools 27-2221] Launch Output:

****** Xilinx hw_server v2017.4
  **** Build date : Dec 15 2017-21:02:11
    ** Copyright 1986-2017 Xilinx, Inc. All Rights Reserved.


open_hw_target
INFO: [Labtoolstcl 44-466] Opening hw_target localhost:3121/xilinx_tcf/Digilent/210249854792
set_property PROGRAM.FILE {/home/xyh/NFS_Alinx/VivadoProjects/CCD231-debug-2021-01-26/CCD231-debug-2021-01-26.runs/impl_1/TOP.bit} [get_hw_devices xc7z035_1]
set_property PROBES.FILE {/home/xyh/NFS_Alinx/VivadoProjects/CCD231-debug-2021-01-26/CCD231-debug-2021-01-26.runs/impl_1/TOP.ltx} [get_hw_devices xc7z035_1]
set_property FULL_PROBES.FILE {/home/xyh/NFS_Alinx/VivadoProjects/CCD231-debug-2021-01-26/CCD231-debug-2021-01-26.runs/impl_1/TOP.ltx} [get_hw_devices xc7z035_1]
current_hw_device [get_hw_devices xc7z035_1]
refresh_hw_device [lindex [get_hw_devices xc7z035_1] 0]
INFO: [Labtools 27-2302] Device xc7z035 (JTAG device index = 1) is programmed with a design that has 1 ILA core(s).
WARNING: [Labtools 27-3403] Dropping logic core with cellname:'ila' from probes file, since it cannot be found on the programmed device.
WARNING: [Labtools 27-1974] Mismatch between the design programmed into the device xc7z035_1 and the probes file(s) /home/xyh/NFS_Alinx/VivadoProjects/CCD231-debug-2021-01-26/CCD231-debug-2021-01-26.runs/impl_1/TOP.ltx.
The device design has 1 ILA core(s) and 0 VIO core(s). The probes file(s) have 0 ILA core(s) and 0 VIO core(s).
Resolution: 
1. Reprogram device with the correct programming file and associated probes file(s) OR
2. Goto device properties and associate the correct probes file(s) with the programming file already programmed in the device.
set_property PROBES.FILE {/home/xyh/NFS_Alinx/VivadoProjects/CCD231-debug-2021-01-26/CCD231-debug-2021-01-26.runs/impl_1/TOP.ltx} [get_hw_devices xc7z035_1]
set_property FULL_PROBES.FILE {/home/xyh/NFS_Alinx/VivadoProjects/CCD231-debug-2021-01-26/CCD231-debug-2021-01-26.runs/impl_1/TOP.ltx} [get_hw_devices xc7z035_1]
set_property PROGRAM.FILE {/home/xyh/NFS_Alinx/VivadoProjects/CCD231-debug-2021-01-26/CCD231-debug-2021-01-26.runs/impl_1/TOP.bit} [get_hw_devices xc7z035_1]
program_hw_devices [get_hw_devices xc7z035_1]
INFO: [Labtools 27-3164] End of startup status: HIGH
program_hw_devices: Time (s): cpu = 00:00:11 ; elapsed = 00:00:11 . Memory (MB): peak = 6869.910 ; gain = 0.000 ; free physical = 23782 ; free virtual = 27076
refresh_hw_device [lindex [get_hw_devices xc7z035_1] 0]
INFO: [Labtools 27-2302] Device xc7z035 (JTAG device index = 1) is programmed with a design that has 1 ILA core(s).
display_hw_ila_data [ get_hw_ila_data hw_ila_data_1 -of_objects [get_hw_ilas -of_objects [get_hw_devices xc7z035_1] -filter {CELL_NAME=~"ila"}]]
INFO: [Labtools 27-3304] ILA Waveform data saved to file /home/xyh/NFS_Alinx/VivadoProjects/CCD231-debug-2021-01-26/CCD231-debug-2021-01-26.hw/backup/hw_ila_data_1.ila. Use Tcl command 'import_hw_ila_data' or Vivado File->Import->Import ILA Data menu item to import the previously saved data.
run_hw_ila [get_hw_ilas -of_objects [get_hw_devices xc7z035_1] -filter {CELL_NAME=~"ila"}]
INFO: [Labtools 27-1964] The ILA core 'hw_ila_1' trigger was armed at 2021-Jan-27 11:39:20
wait_on_hw_ila [get_hw_ilas -of_objects [get_hw_devices xc7z035_1] -filter {CELL_NAME=~"ila"}]
display_hw_ila_data [upload_hw_ila_data [get_hw_ilas -of_objects [get_hw_devices xc7z035_1] -filter {CELL_NAME=~"ila"}]]
INFO: [Labtools 27-1966] The ILA core 'hw_ila_1' triggered at 2021-Jan-27 11:39:23
INFO: [Labtools 27-3304] ILA Waveform data saved to file /home/xyh/NFS_Alinx/VivadoProjects/CCD231-debug-2021-01-26/CCD231-debug-2021-01-26.hw/backup/hw_ila_data_1.ila. Use Tcl command 'import_hw_ila_data' or Vivado File->Import->Import ILA Data menu item to import the previously saved data.
ERROR: [Labtoolstcl 44-513] HW Target shutdown. Closing target: localhost:3121/xilinx_tcf/Digilent/210249854792
close_hw
convert_ips [get_files  /home/xyh/NFS_Alinx/VivadoProjects/CCD231-debug-2021-01-26/CCD231-debug-2021-01-26.srcs/sources_1/ip/ILA/ILA.xci]
INFO: [filemgmt 56-106] Converting IP 'ILA' into core container format.
INFO: [filemgmt 56-101] Creating core container '/home/xyh/NFS_Alinx/VivadoProjects/CCD231-debug-2021-01-26/CCD231-debug-2021-01-26.srcs/sources_1/ip/ILA.xcix' for IP 'ILA'
export_ip_user_files -of_objects  [get_files  /home/xyh/NFS_Alinx/VivadoProjects/CCD231-debug-2021-01-26/CCD231-debug-2021-01-26.srcs/sources_1/ip/ILA/ILA.xci] -sync -lib_map_path [list {modelsim=/home/xyh/NFS_Alinx/VivadoProjects/CCD231-debug-2021-01-26/CCD231-debug-2021-01-26.cache/compile_simlib/modelsim} {questa=/home/xyh/NFS_Alinx/VivadoProjects/CCD231-debug-2021-01-26/CCD231-debug-2021-01-26.cache/compile_simlib/questa} {ies=/home/xyh/NFS_Alinx/VivadoProjects/CCD231-debug-2021-01-26/CCD231-debug-2021-01-26.cache/compile_simlib/ies} {vcs=/home/xyh/NFS_Alinx/VivadoProjects/CCD231-debug-2021-01-26/CCD231-debug-2021-01-26.cache/compile_simlib/vcs} {riviera=/home/xyh/NFS_Alinx/VivadoProjects/CCD231-debug-2021-01-26/CCD231-debug-2021-01-26.cache/compile_simlib/riviera}] -force -quiet
convert_ips [get_files  /home/xyh/NFS_Alinx/VivadoProjects/CCD231-debug-2021-01-26/CCD231-debug-2021-01-26.srcs/sources_1/ip/ILA/ILA.xci]
INFO: [filemgmt 56-105] Converting IP 'ILA' into non-core container format.
export_ip_user_files -of_objects  [get_files  /home/xyh/NFS_Alinx/VivadoProjects/CCD231-debug-2021-01-26/CCD231-debug-2021-01-26.srcs/sources_1/ip/ILA/ILA.xci] -sync -lib_map_path [list {modelsim=/home/xyh/NFS_Alinx/VivadoProjects/CCD231-debug-2021-01-26/CCD231-debug-2021-01-26.cache/compile_simlib/modelsim} {questa=/home/xyh/NFS_Alinx/VivadoProjects/CCD231-debug-2021-01-26/CCD231-debug-2021-01-26.cache/compile_simlib/questa} {ies=/home/xyh/NFS_Alinx/VivadoProjects/CCD231-debug-2021-01-26/CCD231-debug-2021-01-26.cache/compile_simlib/ies} {vcs=/home/xyh/NFS_Alinx/VivadoProjects/CCD231-debug-2021-01-26/CCD231-debug-2021-01-26.cache/compile_simlib/vcs} {riviera=/home/xyh/NFS_Alinx/VivadoProjects/CCD231-debug-2021-01-26/CCD231-debug-2021-01-26.cache/compile_simlib/riviera}] -force -quiet
set_property coreContainer.enable 1 [current_project]
WARNING: [IP_Flow 19-4067] Ignoring invalid widget type specified checkbox.Providing a default widget
set_property -dict [list CONFIG.C_NUM_OF_PROBES {9}] [get_ips ILA]
generate_target all [get_files  /home/xyh/NFS_Alinx/VivadoProjects/CCD231-debug-2021-01-26/CCD231-debug-2021-01-26.srcs/sources_1/ip/ILA/ILA.xci]
INFO: [IP_Flow 19-1686] Generating 'Instantiation Template' target for IP 'ILA'...
INFO: [IP_Flow 19-1686] Generating 'Synthesis' target for IP 'ILA'...
WARNING: [IP_Flow 19-4994] Overwriting existing constraint file '/home/xyh/NFS_Alinx/VivadoProjects/CCD231-debug-2021-01-26/CCD231-debug-2021-01-26.srcs/sources_1/ip/ILA/ILA_ooc.xdc'
INFO: [IP_Flow 19-1686] Generating 'Simulation' target for IP 'ILA'...
INFO: [IP_Flow 19-1686] Generating 'Implementation' target for IP 'ILA'...
INFO: [IP_Flow 19-1686] Generating 'Change Log' target for IP 'ILA'...
catch { config_ip_cache -export [get_ips -all ILA] }
export_ip_user_files -of_objects [get_files /home/xyh/NFS_Alinx/VivadoProjects/CCD231-debug-2021-01-26/CCD231-debug-2021-01-26.srcs/sources_1/ip/ILA/ILA.xci] -no_script -sync -force -quiet
reset_run ILA_synth_1
launch_runs -jobs 4 ILA_synth_1
[Wed Jan 27 11:40:19 2021] Launched ILA_synth_1...
Run output will be captured here: /home/xyh/NFS_Alinx/VivadoProjects/CCD231-debug-2021-01-26/CCD231-debug-2021-01-26.runs/ILA_synth_1/runme.log
export_simulation -of_objects [get_files /home/xyh/NFS_Alinx/VivadoProjects/CCD231-debug-2021-01-26/CCD231-debug-2021-01-26.srcs/sources_1/ip/ILA/ILA.xci] -directory /home/xyh/NFS_Alinx/VivadoProjects/CCD231-debug-2021-01-26/CCD231-debug-2021-01-26.ip_user_files/sim_scripts -ip_user_files_dir /home/xyh/NFS_Alinx/VivadoProjects/CCD231-debug-2021-01-26/CCD231-debug-2021-01-26.ip_user_files -ipstatic_source_dir /home/xyh/NFS_Alinx/VivadoProjects/CCD231-debug-2021-01-26/CCD231-debug-2021-01-26.ip_user_files/ipstatic -lib_map_path [list {modelsim=/home/xyh/NFS_Alinx/VivadoProjects/CCD231-debug-2021-01-26/CCD231-debug-2021-01-26.cache/compile_simlib/modelsim} {questa=/home/xyh/NFS_Alinx/VivadoProjects/CCD231-debug-2021-01-26/CCD231-debug-2021-01-26.cache/compile_simlib/questa} {ies=/home/xyh/NFS_Alinx/VivadoProjects/CCD231-debug-2021-01-26/CCD231-debug-2021-01-26.cache/compile_simlib/ies} {vcs=/home/xyh/NFS_Alinx/VivadoProjects/CCD231-debug-2021-01-26/CCD231-debug-2021-01-26.cache/compile_simlib/vcs} {riviera=/home/xyh/NFS_Alinx/VivadoProjects/CCD231-debug-2021-01-26/CCD231-debug-2021-01-26.cache/compile_simlib/riviera}] -use_ip_compiled_libs -force -quiet
reset_run synth_1
launch_runs impl_1 -to_step write_bitstream -jobs 4
[Wed Jan 27 11:43:17 2021] Launched synth_1...
Run output will be captured here: /home/xyh/NFS_Alinx/VivadoProjects/CCD231-debug-2021-01-26/CCD231-debug-2021-01-26.runs/synth_1/runme.log
[Wed Jan 27 11:43:17 2021] Launched impl_1...
Run output will be captured here: /home/xyh/NFS_Alinx/VivadoProjects/CCD231-debug-2021-01-26/CCD231-debug-2021-01-26.runs/impl_1/runme.log
open_hw
connect_hw_server
INFO: [Labtools 27-2285] Connecting to hw_server url TCP:localhost:3121
INFO: [Labtools 27-2222] Launching hw_server...
INFO: [Labtools 27-2221] Launch Output:

****** Xilinx hw_server v2017.4
  **** Build date : Dec 15 2017-21:02:11
    ** Copyright 1986-2017 Xilinx, Inc. All Rights Reserved.


open_hw_target
INFO: [Labtoolstcl 44-466] Opening hw_target localhost:3121/xilinx_tcf/Digilent/210249854792
set_property PROGRAM.FILE {/home/xyh/NFS_Alinx/VivadoProjects/CCD231-debug-2021-01-26/CCD231-debug-2021-01-26.runs/impl_1/TOP.bit} [get_hw_devices xc7z035_1]
set_property PROBES.FILE {/home/xyh/NFS_Alinx/VivadoProjects/CCD231-debug-2021-01-26/CCD231-debug-2021-01-26.runs/impl_1/TOP.ltx} [get_hw_devices xc7z035_1]
set_property FULL_PROBES.FILE {/home/xyh/NFS_Alinx/VivadoProjects/CCD231-debug-2021-01-26/CCD231-debug-2021-01-26.runs/impl_1/TOP.ltx} [get_hw_devices xc7z035_1]
current_hw_device [get_hw_devices xc7z035_1]
refresh_hw_device [lindex [get_hw_devices xc7z035_1] 0]
INFO: [Labtools 27-2302] Device xc7z035 (JTAG device index = 1) is programmed with a design that has 1 ILA core(s).
WARNING: [Labtools 27-3403] Dropping logic core with cellname:'ila' from probes file, since it cannot be found on the programmed device.
WARNING: [Labtools 27-1974] Mismatch between the design programmed into the device xc7z035_1 and the probes file(s) /home/xyh/NFS_Alinx/VivadoProjects/CCD231-debug-2021-01-26/CCD231-debug-2021-01-26.runs/impl_1/TOP.ltx.
The device design has 1 ILA core(s) and 0 VIO core(s). The probes file(s) have 0 ILA core(s) and 0 VIO core(s).
Resolution: 
1. Reprogram device with the correct programming file and associated probes file(s) OR
2. Goto device properties and associate the correct probes file(s) with the programming file already programmed in the device.
set_property PROBES.FILE {/home/xyh/NFS_Alinx/VivadoProjects/CCD231-debug-2021-01-26/CCD231-debug-2021-01-26.runs/impl_1/TOP.ltx} [get_hw_devices xc7z035_1]
set_property FULL_PROBES.FILE {/home/xyh/NFS_Alinx/VivadoProjects/CCD231-debug-2021-01-26/CCD231-debug-2021-01-26.runs/impl_1/TOP.ltx} [get_hw_devices xc7z035_1]
set_property PROGRAM.FILE {/home/xyh/NFS_Alinx/VivadoProjects/CCD231-debug-2021-01-26/CCD231-debug-2021-01-26.runs/impl_1/TOP.bit} [get_hw_devices xc7z035_1]
program_hw_devices [get_hw_devices xc7z035_1]
INFO: [Labtools 27-3164] End of startup status: HIGH
program_hw_devices: Time (s): cpu = 00:00:11 ; elapsed = 00:00:11 . Memory (MB): peak = 6983.500 ; gain = 0.000 ; free physical = 23757 ; free virtual = 27080
refresh_hw_device [lindex [get_hw_devices xc7z035_1] 0]
INFO: [Labtools 27-2302] Device xc7z035 (JTAG device index = 1) is programmed with a design that has 1 ILA core(s).
display_hw_ila_data [ get_hw_ila_data hw_ila_data_1 -of_objects [get_hw_ilas -of_objects [get_hw_devices xc7z035_1] -filter {CELL_NAME=~"ila"}]]
INFO: [Labtools 27-3304] ILA Waveform data saved to file /home/xyh/NFS_Alinx/VivadoProjects/CCD231-debug-2021-01-26/CCD231-debug-2021-01-26.hw/backup/hw_ila_data_1.ila. Use Tcl command 'import_hw_ila_data' or Vivado File->Import->Import ILA Data menu item to import the previously saved data.
add_wave -into {hw_ila_data_1.wcfg} -radix hex { {PL_KEY_IBUF_BUFG} }
set_property TRIGGER_COMPARE_VALUE eq1'bX [get_hw_probes sclk_OBUF -of_objects [get_hw_ilas -of_objects [get_hw_devices xc7z035_1] -filter {CELL_NAME=~"ila"}]]
set_property TRIGGER_COMPARE_VALUE eq1'bR [get_hw_probes PL_KEY_IBUF_BUFG -of_objects [get_hw_ilas -of_objects [get_hw_devices xc7z035_1] -filter {CELL_NAME=~"ila"}]]
run_hw_ila [get_hw_ilas -of_objects [get_hw_devices xc7z035_1] -filter {CELL_NAME=~"ila"}]
INFO: [Labtools 27-1964] The ILA core 'hw_ila_1' trigger was armed at 2021-Jan-27 11:48:06
wait_on_hw_ila [get_hw_ilas -of_objects [get_hw_devices xc7z035_1] -filter {CELL_NAME=~"ila"}]
display_hw_ila_data [upload_hw_ila_data [get_hw_ilas -of_objects [get_hw_devices xc7z035_1] -filter {CELL_NAME=~"ila"}]]
INFO: [Labtools 27-1966] The ILA core 'hw_ila_1' triggered at 2021-Jan-27 11:48:08
INFO: [Labtools 27-3304] ILA Waveform data saved to file /home/xyh/NFS_Alinx/VivadoProjects/CCD231-debug-2021-01-26/CCD231-debug-2021-01-26.hw/backup/hw_ila_data_1.ila. Use Tcl command 'import_hw_ila_data' or Vivado File->Import->Import ILA Data menu item to import the previously saved data.
set_property TRIGGER_COMPARE_VALUE eq1'bF [get_hw_probes PL_KEY_IBUF_BUFG -of_objects [get_hw_ilas -of_objects [get_hw_devices xc7z035_1] -filter {CELL_NAME=~"ila"}]]
run_hw_ila [get_hw_ilas -of_objects [get_hw_devices xc7z035_1] -filter {CELL_NAME=~"ila"}]
INFO: [Labtools 27-1964] The ILA core 'hw_ila_1' trigger was armed at 2021-Jan-27 11:48:29
wait_on_hw_ila [get_hw_ilas -of_objects [get_hw_devices xc7z035_1] -filter {CELL_NAME=~"ila"}]
display_hw_ila_data [upload_hw_ila_data [get_hw_ilas -of_objects [get_hw_devices xc7z035_1] -filter {CELL_NAME=~"ila"}]]
INFO: [Labtools 27-1966] The ILA core 'hw_ila_1' triggered at 2021-Jan-27 11:48:30
INFO: [Labtools 27-3304] ILA Waveform data saved to file /home/xyh/NFS_Alinx/VivadoProjects/CCD231-debug-2021-01-26/CCD231-debug-2021-01-26.hw/backup/hw_ila_data_1.ila. Use Tcl command 'import_hw_ila_data' or Vivado File->Import->Import ILA Data menu item to import the previously saved data.
set_property CONTROL.TRIGGER_POSITION 2048 [get_hw_ilas -of_objects [get_hw_devices xc7z035_1] -filter {CELL_NAME=~"ila"}]
run_hw_ila [get_hw_ilas -of_objects [get_hw_devices xc7z035_1] -filter {CELL_NAME=~"ila"}]
INFO: [Labtools 27-1964] The ILA core 'hw_ila_1' trigger was armed at 2021-Jan-27 11:48:43
wait_on_hw_ila [get_hw_ilas -of_objects [get_hw_devices xc7z035_1] -filter {CELL_NAME=~"ila"}]
display_hw_ila_data [upload_hw_ila_data [get_hw_ilas -of_objects [get_hw_devices xc7z035_1] -filter {CELL_NAME=~"ila"}]]
INFO: [Labtools 27-1966] The ILA core 'hw_ila_1' triggered at 2021-Jan-27 11:48:45
INFO: [Labtools 27-3304] ILA Waveform data saved to file /home/xyh/NFS_Alinx/VivadoProjects/CCD231-debug-2021-01-26/CCD231-debug-2021-01-26.hw/backup/hw_ila_data_1.ila. Use Tcl command 'import_hw_ila_data' or Vivado File->Import->Import ILA Data menu item to import the previously saved data.
set_property TRIGGER_COMPARE_VALUE eq1'bB [get_hw_probes PL_KEY_IBUF_BUFG -of_objects [get_hw_ilas -of_objects [get_hw_devices xc7z035_1] -filter {CELL_NAME=~"ila"}]]
run_hw_ila [get_hw_ilas -of_objects [get_hw_devices xc7z035_1] -filter {CELL_NAME=~"ila"}]
INFO: [Labtools 27-1964] The ILA core 'hw_ila_1' trigger was armed at 2021-Jan-27 11:49:21
wait_on_hw_ila [get_hw_ilas -of_objects [get_hw_devices xc7z035_1] -filter {CELL_NAME=~"ila"}]
display_hw_ila_data [upload_hw_ila_data [get_hw_ilas -of_objects [get_hw_devices xc7z035_1] -filter {CELL_NAME=~"ila"}]]
INFO: [Labtools 27-1966] The ILA core 'hw_ila_1' triggered at 2021-Jan-27 11:49:23
INFO: [Labtools 27-3304] ILA Waveform data saved to file /home/xyh/NFS_Alinx/VivadoProjects/CCD231-debug-2021-01-26/CCD231-debug-2021-01-26.hw/backup/hw_ila_data_1.ila. Use Tcl command 'import_hw_ila_data' or Vivado File->Import->Import ILA Data menu item to import the previously saved data.
set_property TRIGGER_COMPARE_VALUE eq1'bX [get_hw_probes PL_KEY_IBUF_BUFG -of_objects [get_hw_ilas -of_objects [get_hw_devices xc7z035_1] -filter {CELL_NAME=~"ila"}]]
set_property TRIGGER_COMPARE_VALUE eq1'bF [get_hw_probes sclk_OBUF -of_objects [get_hw_ilas -of_objects [get_hw_devices xc7z035_1] -filter {CELL_NAME=~"ila"}]]
run_hw_ila [get_hw_ilas -of_objects [get_hw_devices xc7z035_1] -filter {CELL_NAME=~"ila"}]
INFO: [Labtools 27-1964] The ILA core 'hw_ila_1' trigger was armed at 2021-Jan-27 11:49:41
wait_on_hw_ila [get_hw_ilas -of_objects [get_hw_devices xc7z035_1] -filter {CELL_NAME=~"ila"}]
display_hw_ila_data [upload_hw_ila_data [get_hw_ilas -of_objects [get_hw_devices xc7z035_1] -filter {CELL_NAME=~"ila"}]]
INFO: [Labtools 27-1966] The ILA core 'hw_ila_1' triggered at 2021-Jan-27 11:49:42
INFO: [Labtools 27-3304] ILA Waveform data saved to file /home/xyh/NFS_Alinx/VivadoProjects/CCD231-debug-2021-01-26/CCD231-debug-2021-01-26.hw/backup/hw_ila_data_1.ila. Use Tcl command 'import_hw_ila_data' or Vivado File->Import->Import ILA Data menu item to import the previously saved data.
run_hw_ila [get_hw_ilas -of_objects [get_hw_devices xc7z035_1] -filter {CELL_NAME=~"ila"}]
INFO: [Labtools 27-1964] The ILA core 'hw_ila_1' trigger was armed at 2021-Jan-27 11:49:55
wait_on_hw_ila [get_hw_ilas -of_objects [get_hw_devices xc7z035_1] -filter {CELL_NAME=~"ila"}]
display_hw_ila_data [upload_hw_ila_data [get_hw_ilas -of_objects [get_hw_devices xc7z035_1] -filter {CELL_NAME=~"ila"}]]
INFO: [Labtools 27-1966] The ILA core 'hw_ila_1' triggered at 2021-Jan-27 11:49:57
INFO: [Labtools 27-3304] ILA Waveform data saved to file /home/xyh/NFS_Alinx/VivadoProjects/CCD231-debug-2021-01-26/CCD231-debug-2021-01-26.hw/backup/hw_ila_data_1.ila. Use Tcl command 'import_hw_ila_data' or Vivado File->Import->Import ILA Data menu item to import the previously saved data.
save_wave_config {/home/xyh/NFS_Alinx/VivadoProjects/CCD231-debug-2021-01-26/CCD231-debug-2021-01-26.hw/hw_1/wave/hw_ila_data_1/hw_ila_data_1.wcfg}
set_property PROBES.FILE {/home/xyh/NFS_Alinx/VivadoProjects/CCD231-debug-2021-01-26/CCD231-debug-2021-01-26.runs/impl_1/TOP.ltx} [get_hw_devices xc7z035_1]
set_property FULL_PROBES.FILE {/home/xyh/NFS_Alinx/VivadoProjects/CCD231-debug-2021-01-26/CCD231-debug-2021-01-26.runs/impl_1/TOP.ltx} [get_hw_devices xc7z035_1]
set_property PROGRAM.FILE {/home/xyh/NFS_Alinx/VivadoProjects/CCD231-debug-2021-01-26/CCD231-debug-2021-01-26.runs/impl_1/TOP.bit} [get_hw_devices xc7z035_1]
program_hw_devices [get_hw_devices xc7z035_1]
INFO: [Labtools 27-3164] End of startup status: HIGH
program_hw_devices: Time (s): cpu = 00:00:24 ; elapsed = 00:00:12 . Memory (MB): peak = 7063.539 ; gain = 0.000 ; free physical = 23708 ; free virtual = 27033
refresh_hw_device [lindex [get_hw_devices xc7z035_1] 0]
INFO: [Labtools 27-2302] Device xc7z035 (JTAG device index = 1) is programmed with a design that has 1 ILA core(s).
display_hw_ila_data [ get_hw_ila_data hw_ila_data_1 -of_objects [get_hw_ilas -of_objects [get_hw_devices xc7z035_1] -filter {CELL_NAME=~"ila"}]]
INFO: [Labtools 27-3304] ILA Waveform data saved to file /home/xyh/NFS_Alinx/VivadoProjects/CCD231-debug-2021-01-26/CCD231-debug-2021-01-26.hw/backup/hw_ila_data_1.ila. Use Tcl command 'import_hw_ila_data' or Vivado File->Import->Import ILA Data menu item to import the previously saved data.
run_hw_ila [get_hw_ilas -of_objects [get_hw_devices xc7z035_1] -filter {CELL_NAME=~"ila"}]
INFO: [Labtools 27-1964] The ILA core 'hw_ila_1' trigger was armed at 2021-Jan-27 11:53:06
wait_on_hw_ila [get_hw_ilas -of_objects [get_hw_devices xc7z035_1] -filter {CELL_NAME=~"ila"}]
display_hw_ila_data [upload_hw_ila_data [get_hw_ilas -of_objects [get_hw_devices xc7z035_1] -filter {CELL_NAME=~"ila"}]]
INFO: [Labtools 27-1966] The ILA core 'hw_ila_1' triggered at 2021-Jan-27 11:53:08
INFO: [Labtools 27-3304] ILA Waveform data saved to file /home/xyh/NFS_Alinx/VivadoProjects/CCD231-debug-2021-01-26/CCD231-debug-2021-01-26.hw/backup/hw_ila_data_1.ila. Use Tcl command 'import_hw_ila_data' or Vivado File->Import->Import ILA Data menu item to import the previously saved data.
ERROR: [Labtoolstcl 44-513] HW Target shutdown. Closing target: localhost:3121/xilinx_tcf/Digilent/210249854792
INFO: [Labtoolstcl 44-466] Opening hw_target localhost:3121/xilinx_tcf/Digilent/210249854792
WARNING: [Labtoolstcl 44-129] No matching hw_ila_data was found.
INFO: [Labtools 27-1435] Device xc7z035 (JTAG device index = 1) is not programmed (DONE status = 0).
WARNING: [Labtoolstcl 44-129] No matching hw_ila_data was found.
set_property PROBES.FILE {/home/xyh/NFS_Alinx/VivadoProjects/CCD231-debug-2021-01-26/CCD231-debug-2021-01-26.runs/impl_1/TOP.ltx} [get_hw_devices xc7z035_1]
set_property FULL_PROBES.FILE {/home/xyh/NFS_Alinx/VivadoProjects/CCD231-debug-2021-01-26/CCD231-debug-2021-01-26.runs/impl_1/TOP.ltx} [get_hw_devices xc7z035_1]
set_property PROGRAM.FILE {/home/xyh/NFS_Alinx/VivadoProjects/CCD231-debug-2021-01-26/CCD231-debug-2021-01-26.runs/impl_1/TOP.bit} [get_hw_devices xc7z035_1]
program_hw_devices [get_hw_devices xc7z035_1]
INFO: [Labtools 27-3164] End of startup status: HIGH
program_hw_devices: Time (s): cpu = 00:00:11 ; elapsed = 00:00:11 . Memory (MB): peak = 7064.531 ; gain = 0.000 ; free physical = 23690 ; free virtual = 27015
refresh_hw_device [lindex [get_hw_devices xc7z035_1] 0]
INFO: [Labtools 27-2302] Device xc7z035 (JTAG device index = 1) is programmed with a design that has 1 ILA core(s).
display_hw_ila_data [ get_hw_ila_data hw_ila_data_1 -of_objects [get_hw_ilas -of_objects [get_hw_devices xc7z035_1] -filter {CELL_NAME=~"ila"}]]
INFO: [Labtools 27-3304] ILA Waveform data saved to file /home/xyh/NFS_Alinx/VivadoProjects/CCD231-debug-2021-01-26/CCD231-debug-2021-01-26.hw/backup/hw_ila_data_1.ila. Use Tcl command 'import_hw_ila_data' or Vivado File->Import->Import ILA Data menu item to import the previously saved data.
run_hw_ila [get_hw_ilas -of_objects [get_hw_devices xc7z035_1] -filter {CELL_NAME=~"ila"}]
INFO: [Labtools 27-1964] The ILA core 'hw_ila_1' trigger was armed at 2021-Jan-27 11:53:39
wait_on_hw_ila [get_hw_ilas -of_objects [get_hw_devices xc7z035_1] -filter {CELL_NAME=~"ila"}]
display_hw_ila_data [upload_hw_ila_data [get_hw_ilas -of_objects [get_hw_devices xc7z035_1] -filter {CELL_NAME=~"ila"}]]
INFO: [Labtools 27-1966] The ILA core 'hw_ila_1' triggered at 2021-Jan-27 11:53:40
INFO: [Labtools 27-3304] ILA Waveform data saved to file /home/xyh/NFS_Alinx/VivadoProjects/CCD231-debug-2021-01-26/CCD231-debug-2021-01-26.hw/backup/hw_ila_data_1.ila. Use Tcl command 'import_hw_ila_data' or Vivado File->Import->Import ILA Data menu item to import the previously saved data.
save_wave_config {/home/xyh/NFS_Alinx/VivadoProjects/CCD231-debug-2021-01-26/CCD231-debug-2021-01-26.hw/hw_1/wave/hw_ila_data_1/hw_ila_data_1.wcfg}
close_hw
reset_run synth_1
launch_runs impl_1 -to_step write_bitstream -jobs 4
[Wed Jan 27 11:58:00 2021] Launched synth_1...
Run output will be captured here: /home/xyh/NFS_Alinx/VivadoProjects/CCD231-debug-2021-01-26/CCD231-debug-2021-01-26.runs/synth_1/runme.log
[Wed Jan 27 11:58:00 2021] Launched impl_1...
Run output will be captured here: /home/xyh/NFS_Alinx/VivadoProjects/CCD231-debug-2021-01-26/CCD231-debug-2021-01-26.runs/impl_1/runme.log
launch_runs: Time (s): cpu = 00:00:13 ; elapsed = 00:00:15 . Memory (MB): peak = 7064.531 ; gain = 0.000 ; free physical = 23704 ; free virtual = 27007
open_hw
connect_hw_server
INFO: [Labtools 27-2285] Connecting to hw_server url TCP:localhost:3121
INFO: [Labtools 27-2222] Launching hw_server...
INFO: [Labtools 27-2221] Launch Output:

****** Xilinx hw_server v2017.4
  **** Build date : Dec 15 2017-21:02:11
    ** Copyright 1986-2017 Xilinx, Inc. All Rights Reserved.


open_hw_target
INFO: [Labtoolstcl 44-466] Opening hw_target localhost:3121/xilinx_tcf/Digilent/210249854792
set_property PROGRAM.FILE {/home/xyh/NFS_Alinx/VivadoProjects/CCD231-debug-2021-01-26/CCD231-debug-2021-01-26.runs/impl_1/TOP.bit} [get_hw_devices xc7z035_1]
set_property PROBES.FILE {/home/xyh/NFS_Alinx/VivadoProjects/CCD231-debug-2021-01-26/CCD231-debug-2021-01-26.runs/impl_1/TOP.ltx} [get_hw_devices xc7z035_1]
set_property FULL_PROBES.FILE {/home/xyh/NFS_Alinx/VivadoProjects/CCD231-debug-2021-01-26/CCD231-debug-2021-01-26.runs/impl_1/TOP.ltx} [get_hw_devices xc7z035_1]
current_hw_device [get_hw_devices xc7z035_1]
refresh_hw_device [lindex [get_hw_devices xc7z035_1] 0]
INFO: [Labtools 27-2302] Device xc7z035 (JTAG device index = 1) is programmed with a design that has 1 ILA core(s).
WARNING: [Labtools 27-3403] Dropping logic core with cellname:'ila' from probes file, since it cannot be found on the programmed device.
WARNING: [Labtools 27-1974] Mismatch between the design programmed into the device xc7z035_1 and the probes file(s) /home/xyh/NFS_Alinx/VivadoProjects/CCD231-debug-2021-01-26/CCD231-debug-2021-01-26.runs/impl_1/TOP.ltx.
The device design has 1 ILA core(s) and 0 VIO core(s). The probes file(s) have 0 ILA core(s) and 0 VIO core(s).
Resolution: 
1. Reprogram device with the correct programming file and associated probes file(s) OR
2. Goto device properties and associate the correct probes file(s) with the programming file already programmed in the device.
set_property PROBES.FILE {/home/xyh/NFS_Alinx/VivadoProjects/CCD231-debug-2021-01-26/CCD231-debug-2021-01-26.runs/impl_1/TOP.ltx} [get_hw_devices xc7z035_1]
set_property FULL_PROBES.FILE {/home/xyh/NFS_Alinx/VivadoProjects/CCD231-debug-2021-01-26/CCD231-debug-2021-01-26.runs/impl_1/TOP.ltx} [get_hw_devices xc7z035_1]
set_property PROGRAM.FILE {/home/xyh/NFS_Alinx/VivadoProjects/CCD231-debug-2021-01-26/CCD231-debug-2021-01-26.runs/impl_1/TOP.bit} [get_hw_devices xc7z035_1]
program_hw_devices [get_hw_devices xc7z035_1]
INFO: [Labtools 27-3164] End of startup status: HIGH
program_hw_devices: Time (s): cpu = 00:00:11 ; elapsed = 00:00:11 . Memory (MB): peak = 7064.531 ; gain = 0.000 ; free physical = 23674 ; free virtual = 26999
refresh_hw_device [lindex [get_hw_devices xc7z035_1] 0]
INFO: [Labtools 27-2302] Device xc7z035 (JTAG device index = 1) is programmed with a design that has 1 ILA core(s).
display_hw_ila_data [ get_hw_ila_data hw_ila_data_1 -of_objects [get_hw_ilas -of_objects [get_hw_devices xc7z035_1] -filter {CELL_NAME=~"ila"}]]
INFO: [Labtools 27-3304] ILA Waveform data saved to file /home/xyh/NFS_Alinx/VivadoProjects/CCD231-debug-2021-01-26/CCD231-debug-2021-01-26.hw/backup/hw_ila_data_1.ila. Use Tcl command 'import_hw_ila_data' or Vivado File->Import->Import ILA Data menu item to import the previously saved data.
set_property TRIGGER_COMPARE_VALUE eq1'bX [get_hw_probes sclk_OBUF -of_objects [get_hw_ilas -of_objects [get_hw_devices xc7z035_1] -filter {CELL_NAME=~"ila"}]]
set_property TRIGGER_COMPARE_VALUE eq1'bB [get_hw_probes PL_KEY_IBUF_BUFG -of_objects [get_hw_ilas -of_objects [get_hw_devices xc7z035_1] -filter {CELL_NAME=~"ila"}]]
run_hw_ila [get_hw_ilas -of_objects [get_hw_devices xc7z035_1] -filter {CELL_NAME=~"ila"}]
INFO: [Labtools 27-1964] The ILA core 'hw_ila_1' trigger was armed at 2021-Jan-27 12:07:18
wait_on_hw_ila [get_hw_ilas -of_objects [get_hw_devices xc7z035_1] -filter {CELL_NAME=~"ila"}]
display_hw_ila_data [upload_hw_ila_data [get_hw_ilas -of_objects [get_hw_devices xc7z035_1] -filter {CELL_NAME=~"ila"}]]
INFO: [Labtools 27-1966] The ILA core 'hw_ila_1' triggered at 2021-Jan-27 12:07:21
INFO: [Labtools 27-3304] ILA Waveform data saved to file /home/xyh/NFS_Alinx/VivadoProjects/CCD231-debug-2021-01-26/CCD231-debug-2021-01-26.hw/backup/hw_ila_data_1.ila. Use Tcl command 'import_hw_ila_data' or Vivado File->Import->Import ILA Data menu item to import the previously saved data.
set_property TRIGGER_COMPARE_VALUE eq1'bR [get_hw_probes PL_KEY_IBUF_BUFG -of_objects [get_hw_ilas -of_objects [get_hw_devices xc7z035_1] -filter {CELL_NAME=~"ila"}]]
run_hw_ila [get_hw_ilas -of_objects [get_hw_devices xc7z035_1] -filter {CELL_NAME=~"ila"}]
INFO: [Labtools 27-1964] The ILA core 'hw_ila_1' trigger was armed at 2021-Jan-27 12:07:37
wait_on_hw_ila [get_hw_ilas -of_objects [get_hw_devices xc7z035_1] -filter {CELL_NAME=~"ila"}]
display_hw_ila_data [upload_hw_ila_data [get_hw_ilas -of_objects [get_hw_devices xc7z035_1] -filter {CELL_NAME=~"ila"}]]
INFO: [Labtools 27-1966] The ILA core 'hw_ila_1' triggered at 2021-Jan-27 12:07:39
INFO: [Labtools 27-3304] ILA Waveform data saved to file /home/xyh/NFS_Alinx/VivadoProjects/CCD231-debug-2021-01-26/CCD231-debug-2021-01-26.hw/backup/hw_ila_data_1.ila. Use Tcl command 'import_hw_ila_data' or Vivado File->Import->Import ILA Data menu item to import the previously saved data.
set_property TRIGGER_COMPARE_VALUE eq1'bF [get_hw_probes PL_KEY_IBUF_BUFG -of_objects [get_hw_ilas -of_objects [get_hw_devices xc7z035_1] -filter {CELL_NAME=~"ila"}]]
run_hw_ila [get_hw_ilas -of_objects [get_hw_devices xc7z035_1] -filter {CELL_NAME=~"ila"}]
INFO: [Labtools 27-1964] The ILA core 'hw_ila_1' trigger was armed at 2021-Jan-27 12:07:45
wait_on_hw_ila [get_hw_ilas -of_objects [get_hw_devices xc7z035_1] -filter {CELL_NAME=~"ila"}]
display_hw_ila_data [upload_hw_ila_data [get_hw_ilas -of_objects [get_hw_devices xc7z035_1] -filter {CELL_NAME=~"ila"}]]
INFO: [Labtools 27-1966] The ILA core 'hw_ila_1' triggered at 2021-Jan-27 12:07:46
INFO: [Labtools 27-3304] ILA Waveform data saved to file /home/xyh/NFS_Alinx/VivadoProjects/CCD231-debug-2021-01-26/CCD231-debug-2021-01-26.hw/backup/hw_ila_data_1.ila. Use Tcl command 'import_hw_ila_data' or Vivado File->Import->Import ILA Data menu item to import the previously saved data.
set_property TRIGGER_COMPARE_VALUE eq1'bX [get_hw_probes PL_KEY_IBUF_BUFG -of_objects [get_hw_ilas -of_objects [get_hw_devices xc7z035_1] -filter {CELL_NAME=~"ila"}]]
set_property TRIGGER_COMPARE_VALUE eq1'bB [get_hw_probes sclk_OBUF -of_objects [get_hw_ilas -of_objects [get_hw_devices xc7z035_1] -filter {CELL_NAME=~"ila"}]]
run_hw_ila [get_hw_ilas -of_objects [get_hw_devices xc7z035_1] -filter {CELL_NAME=~"ila"}]
INFO: [Labtools 27-1964] The ILA core 'hw_ila_1' trigger was armed at 2021-Jan-27 12:08:00
wait_on_hw_ila [get_hw_ilas -of_objects [get_hw_devices xc7z035_1] -filter {CELL_NAME=~"ila"}]
display_hw_ila_data [upload_hw_ila_data [get_hw_ilas -of_objects [get_hw_devices xc7z035_1] -filter {CELL_NAME=~"ila"}]]
INFO: [Labtools 27-1966] The ILA core 'hw_ila_1' triggered at 2021-Jan-27 12:08:02
INFO: [Labtools 27-3304] ILA Waveform data saved to file /home/xyh/NFS_Alinx/VivadoProjects/CCD231-debug-2021-01-26/CCD231-debug-2021-01-26.hw/backup/hw_ila_data_1.ila. Use Tcl command 'import_hw_ila_data' or Vivado File->Import->Import ILA Data menu item to import the previously saved data.
set_property CONTROL.TRIGGER_POSITION 128 [get_hw_ilas -of_objects [get_hw_devices xc7z035_1] -filter {CELL_NAME=~"ila"}]
set_property TRIGGER_COMPARE_VALUE eq1'bX [get_hw_probes sclk_OBUF -of_objects [get_hw_ilas -of_objects [get_hw_devices xc7z035_1] -filter {CELL_NAME=~"ila"}]]
set_property TRIGGER_COMPARE_VALUE eq1'bB [get_hw_probes PL_KEY_IBUF_BUFG -of_objects [get_hw_ilas -of_objects [get_hw_devices xc7z035_1] -filter {CELL_NAME=~"ila"}]]
run_hw_ila [get_hw_ilas -of_objects [get_hw_devices xc7z035_1] -filter {CELL_NAME=~"ila"}]
INFO: [Labtools 27-1964] The ILA core 'hw_ila_1' trigger was armed at 2021-Jan-27 12:09:37
wait_on_hw_ila [get_hw_ilas -of_objects [get_hw_devices xc7z035_1] -filter {CELL_NAME=~"ila"}]
display_hw_ila_data [upload_hw_ila_data [get_hw_ilas -of_objects [get_hw_devices xc7z035_1] -filter {CELL_NAME=~"ila"}]]
INFO: [Labtools 27-1966] The ILA core 'hw_ila_1' triggered at 2021-Jan-27 12:09:39
INFO: [Labtools 27-3304] ILA Waveform data saved to file /home/xyh/NFS_Alinx/VivadoProjects/CCD231-debug-2021-01-26/CCD231-debug-2021-01-26.hw/backup/hw_ila_data_1.ila. Use Tcl command 'import_hw_ila_data' or Vivado File->Import->Import ILA Data menu item to import the previously saved data.
reset_run synth_1
launch_runs impl_1 -to_step write_bitstream -jobs 4
[Wed Jan 27 12:10:51 2021] Launched synth_1...
Run output will be captured here: /home/xyh/NFS_Alinx/VivadoProjects/CCD231-debug-2021-01-26/CCD231-debug-2021-01-26.runs/synth_1/runme.log
[Wed Jan 27 12:10:51 2021] Launched impl_1...
Run output will be captured here: /home/xyh/NFS_Alinx/VivadoProjects/CCD231-debug-2021-01-26/CCD231-debug-2021-01-26.runs/impl_1/runme.log
launch_runs: Time (s): cpu = 00:00:13 ; elapsed = 00:00:19 . Memory (MB): peak = 7104.551 ; gain = 0.000 ; free physical = 23571 ; free virtual = 26891
ERROR: [Labtoolstcl 44-513] HW Target shutdown. Closing target: localhost:3121/xilinx_tcf/Digilent/210249854792
INFO: [Labtoolstcl 44-466] Opening hw_target localhost:3121/xilinx_tcf/Digilent/210249854792
WARNING: [Labtoolstcl 44-129] No matching hw_ila_data was found.
INFO: [Labtools 27-1435] Device xc7z035 (JTAG device index = 1) is not programmed (DONE status = 0).
WARNING: [Labtoolstcl 44-129] No matching hw_ila_data was found.
set_property PROBES.FILE {/home/xyh/NFS_Alinx/VivadoProjects/CCD231-debug-2021-01-26/CCD231-debug-2021-01-26.runs/impl_1/TOP.ltx} [get_hw_devices xc7z035_1]
set_property FULL_PROBES.FILE {/home/xyh/NFS_Alinx/VivadoProjects/CCD231-debug-2021-01-26/CCD231-debug-2021-01-26.runs/impl_1/TOP.ltx} [get_hw_devices xc7z035_1]
set_property PROGRAM.FILE {/home/xyh/NFS_Alinx/VivadoProjects/CCD231-debug-2021-01-26/CCD231-debug-2021-01-26.runs/impl_1/TOP.bit} [get_hw_devices xc7z035_1]
program_hw_devices [get_hw_devices xc7z035_1]
INFO: [Labtools 27-3164] End of startup status: HIGH
program_hw_devices: Time (s): cpu = 00:00:11 ; elapsed = 00:00:11 . Memory (MB): peak = 7104.551 ; gain = 0.000 ; free physical = 23533 ; free virtual = 26876
refresh_hw_device [lindex [get_hw_devices xc7z035_1] 0]
INFO: [Labtools 27-2302] Device xc7z035 (JTAG device index = 1) is programmed with a design that has 1 ILA core(s).
display_hw_ila_data [ get_hw_ila_data hw_ila_data_1 -of_objects [get_hw_ilas -of_objects [get_hw_devices xc7z035_1] -filter {CELL_NAME=~"ila"}]]
WARNING: Simulation object PL_KEY_IBUF_BUFG was not found in the design.
INFO: [Labtools 27-3304] ILA Waveform data saved to file /home/xyh/NFS_Alinx/VivadoProjects/CCD231-debug-2021-01-26/CCD231-debug-2021-01-26.hw/backup/hw_ila_data_1.ila. Use Tcl command 'import_hw_ila_data' or Vivado File->Import->Import ILA Data menu item to import the previously saved data.
run_hw_ila [get_hw_ilas -of_objects [get_hw_devices xc7z035_1] -filter {CELL_NAME=~"ila"}]
INFO: [Labtools 27-1964] The ILA core 'hw_ila_1' trigger was armed at 2021-Jan-27 12:17:40
wait_on_hw_ila [get_hw_ilas -of_objects [get_hw_devices xc7z035_1] -filter {CELL_NAME=~"ila"}]
display_hw_ila_data [upload_hw_ila_data [get_hw_ilas -of_objects [get_hw_devices xc7z035_1] -filter {CELL_NAME=~"ila"}]]
INFO: [Labtools 27-1966] The ILA core 'hw_ila_1' triggered at 2021-Jan-27 12:17:43
INFO: [Labtools 27-3304] ILA Waveform data saved to file /home/xyh/NFS_Alinx/VivadoProjects/CCD231-debug-2021-01-26/CCD231-debug-2021-01-26.hw/backup/hw_ila_data_1.ila. Use Tcl command 'import_hw_ila_data' or Vivado File->Import->Import ILA Data menu item to import the previously saved data.
ERROR: [Labtoolstcl 44-513] HW Target shutdown. Closing target: localhost:3121/xilinx_tcf/Digilent/210249854792
